[INFO ] 2024-01-07 04:22:41.401 [main] UserTests - Creating User with the payload: api.payload.User@256a0d95
[DEBUG] 2024-01-07 04:22:45.631 [main] UserTests - User created successfully response: {"code":200,"type":"unknown","message":"1470966439"}
[INFO ] 2024-01-07 14:44:02.059 [main] UserTests - Creating User with the payload: api.payload.User@256a0d95
[DEBUG] 2024-01-07 14:44:08.177 [main] UserTests - User created successfully response: {"code":200,"type":"unknown","message":"1470966439"}
[INFO ] 2024-01-07 14:48:16.386 [main] UserTests - Creating User with the payload: api.payload.User@5974b233
[FATAL] 2024-01-07 14:48:21.044 [main] UserTests - Fatal Error Occured for Create User: Connection refused: connect
[INFO ] 2024-01-07 14:53:24.136 [main] UserTests2 - Creating User with the payload: api.payload.User@5974b233
[FATAL] 2024-01-07 14:53:28.574 [main] UserTests2 - Fatal Error Occured for Create User: Connection refused: connect
[DEBUG] 2024-01-07 15:15:02.287 [main] PackageRelationshipCollection - Parsing relationship: /xl/_rels/workbook.xml.rels
[DEBUG] 2024-01-07 15:15:02.293 [main] PackageRelationshipCollection - Parsing relationship: /xl/worksheets/_rels/sheet1.xml.rels
[DEBUG] 2024-01-07 15:15:02.295 [main] PackageRelationshipCollection - Parsing relationship: /_rels/.rels
[DEBUG] 2024-01-07 15:15:03.987 [main] PackageRelationshipCollection - Parsing relationship: /xl/_rels/workbook.xml.rels
[DEBUG] 2024-01-07 15:15:03.992 [main] PackageRelationshipCollection - Parsing relationship: /xl/worksheets/_rels/sheet1.xml.rels
[DEBUG] 2024-01-07 15:15:03.994 [main] PackageRelationshipCollection - Parsing relationship: /_rels/.rels
[DEBUG] 2024-01-07 15:15:04.046 [main] PackageRelationshipCollection - Parsing relationship: /xl/_rels/workbook.xml.rels
[DEBUG] 2024-01-07 15:15:04.050 [main] PackageRelationshipCollection - Parsing relationship: /xl/worksheets/_rels/sheet1.xml.rels
[DEBUG] 2024-01-07 15:15:04.051 [main] PackageRelationshipCollection - Parsing relationship: /_rels/.rels
[DEBUG] 2024-01-07 15:15:04.139 [main] PackageRelationshipCollection - Parsing relationship: /xl/_rels/workbook.xml.rels
[DEBUG] 2024-01-07 15:15:04.141 [main] PackageRelationshipCollection - Parsing relationship: /xl/worksheets/_rels/sheet1.xml.rels
[DEBUG] 2024-01-07 15:15:04.142 [main] PackageRelationshipCollection - Parsing relationship: /_rels/.rels
[DEBUG] 2024-01-07 15:15:04.204 [main] PackageRelationshipCollection - Parsing relationship: /xl/_rels/workbook.xml.rels
[DEBUG] 2024-01-07 15:15:04.205 [main] PackageRelationshipCollection - Parsing relationship: /xl/worksheets/_rels/sheet1.xml.rels
[DEBUG] 2024-01-07 15:15:04.206 [main] PackageRelationshipCollection - Parsing relationship: /_rels/.rels
[DEBUG] 2024-01-07 15:15:04.262 [main] PackageRelationshipCollection - Parsing relationship: /xl/_rels/workbook.xml.rels
[DEBUG] 2024-01-07 15:15:04.266 [main] PackageRelationshipCollection - Parsing relationship: /xl/worksheets/_rels/sheet1.xml.rels
[DEBUG] 2024-01-07 15:15:04.267 [main] PackageRelationshipCollection - Parsing relationship: /_rels/.rels
[DEBUG] 2024-01-07 15:15:04.305 [main] PackageRelationshipCollection - Parsing relationship: /xl/_rels/workbook.xml.rels
[DEBUG] 2024-01-07 15:15:04.307 [main] PackageRelationshipCollection - Parsing relationship: /xl/worksheets/_rels/sheet1.xml.rels
[DEBUG] 2024-01-07 15:15:04.308 [main] PackageRelationshipCollection - Parsing relationship: /_rels/.rels
[DEBUG] 2024-01-07 15:15:04.369 [main] PackageRelationshipCollection - Parsing relationship: /xl/_rels/workbook.xml.rels
[DEBUG] 2024-01-07 15:15:04.373 [main] PackageRelationshipCollection - Parsing relationship: /xl/worksheets/_rels/sheet1.xml.rels
[DEBUG] 2024-01-07 15:15:04.378 [main] PackageRelationshipCollection - Parsing relationship: /_rels/.rels
[DEBUG] 2024-01-07 15:15:04.503 [main] PackageRelationshipCollection - Parsing relationship: /xl/_rels/workbook.xml.rels
[DEBUG] 2024-01-07 15:15:04.504 [main] PackageRelationshipCollection - Parsing relationship: /xl/worksheets/_rels/sheet1.xml.rels
[DEBUG] 2024-01-07 15:15:04.508 [main] PackageRelationshipCollection - Parsing relationship: /_rels/.rels
[DEBUG] 2024-01-07 15:15:04.594 [main] PackageRelationshipCollection - Parsing relationship: /xl/_rels/workbook.xml.rels
[DEBUG] 2024-01-07 15:15:04.595 [main] PackageRelationshipCollection - Parsing relationship: /xl/worksheets/_rels/sheet1.xml.rels
[DEBUG] 2024-01-07 15:15:04.597 [main] PackageRelationshipCollection - Parsing relationship: /_rels/.rels
[DEBUG] 2024-01-07 15:15:04.629 [main] PackageRelationshipCollection - Parsing relationship: /xl/_rels/workbook.xml.rels
[DEBUG] 2024-01-07 15:15:04.631 [main] PackageRelationshipCollection - Parsing relationship: /xl/worksheets/_rels/sheet1.xml.rels
[DEBUG] 2024-01-07 15:15:04.633 [main] PackageRelationshipCollection - Parsing relationship: /_rels/.rels
[DEBUG] 2024-01-07 15:15:04.690 [main] PackageRelationshipCollection - Parsing relationship: /xl/_rels/workbook.xml.rels
[DEBUG] 2024-01-07 15:15:04.691 [main] PackageRelationshipCollection - Parsing relationship: /xl/worksheets/_rels/sheet1.xml.rels
[DEBUG] 2024-01-07 15:15:04.692 [main] PackageRelationshipCollection - Parsing relationship: /_rels/.rels
[DEBUG] 2024-01-07 15:15:04.736 [main] PackageRelationshipCollection - Parsing relationship: /xl/_rels/workbook.xml.rels
[DEBUG] 2024-01-07 15:15:04.737 [main] PackageRelationshipCollection - Parsing relationship: /xl/worksheets/_rels/sheet1.xml.rels
[DEBUG] 2024-01-07 15:15:04.738 [main] PackageRelationshipCollection - Parsing relationship: /_rels/.rels
[DEBUG] 2024-01-07 15:15:04.768 [main] PackageRelationshipCollection - Parsing relationship: /xl/_rels/workbook.xml.rels
[DEBUG] 2024-01-07 15:15:04.769 [main] PackageRelationshipCollection - Parsing relationship: /xl/worksheets/_rels/sheet1.xml.rels
[DEBUG] 2024-01-07 15:15:04.769 [main] PackageRelationshipCollection - Parsing relationship: /_rels/.rels
[DEBUG] 2024-01-07 15:15:04.802 [main] PackageRelationshipCollection - Parsing relationship: /xl/_rels/workbook.xml.rels
[DEBUG] 2024-01-07 15:15:04.804 [main] PackageRelationshipCollection - Parsing relationship: /xl/worksheets/_rels/sheet1.xml.rels
[DEBUG] 2024-01-07 15:15:04.804 [main] PackageRelationshipCollection - Parsing relationship: /_rels/.rels
[DEBUG] 2024-01-07 15:15:04.827 [main] PackageRelationshipCollection - Parsing relationship: /xl/_rels/workbook.xml.rels
[DEBUG] 2024-01-07 15:15:04.828 [main] PackageRelationshipCollection - Parsing relationship: /xl/worksheets/_rels/sheet1.xml.rels
[DEBUG] 2024-01-07 15:15:04.829 [main] PackageRelationshipCollection - Parsing relationship: /_rels/.rels
[DEBUG] 2024-01-07 15:15:04.868 [main] PackageRelationshipCollection - Parsing relationship: /xl/_rels/workbook.xml.rels
[DEBUG] 2024-01-07 15:15:04.869 [main] PackageRelationshipCollection - Parsing relationship: /xl/worksheets/_rels/sheet1.xml.rels
[DEBUG] 2024-01-07 15:15:04.870 [main] PackageRelationshipCollection - Parsing relationship: /_rels/.rels
[DEBUG] 2024-01-07 15:15:04.897 [main] PackageRelationshipCollection - Parsing relationship: /xl/_rels/workbook.xml.rels
[DEBUG] 2024-01-07 15:15:04.898 [main] PackageRelationshipCollection - Parsing relationship: /xl/worksheets/_rels/sheet1.xml.rels
[DEBUG] 2024-01-07 15:15:04.899 [main] PackageRelationshipCollection - Parsing relationship: /_rels/.rels
[DEBUG] 2024-01-07 15:15:04.925 [main] PackageRelationshipCollection - Parsing relationship: /xl/_rels/workbook.xml.rels
[DEBUG] 2024-01-07 15:15:04.925 [main] PackageRelationshipCollection - Parsing relationship: /xl/worksheets/_rels/sheet1.xml.rels
[DEBUG] 2024-01-07 15:15:04.926 [main] PackageRelationshipCollection - Parsing relationship: /_rels/.rels
[DEBUG] 2024-01-07 15:15:04.986 [main] PackageRelationshipCollection - Parsing relationship: /xl/_rels/workbook.xml.rels
[DEBUG] 2024-01-07 15:15:04.987 [main] PackageRelationshipCollection - Parsing relationship: /xl/worksheets/_rels/sheet1.xml.rels
[DEBUG] 2024-01-07 15:15:04.988 [main] PackageRelationshipCollection - Parsing relationship: /_rels/.rels
[DEBUG] 2024-01-07 15:15:05.018 [main] PackageRelationshipCollection - Parsing relationship: /xl/_rels/workbook.xml.rels
[DEBUG] 2024-01-07 15:15:05.019 [main] PackageRelationshipCollection - Parsing relationship: /xl/worksheets/_rels/sheet1.xml.rels
[DEBUG] 2024-01-07 15:15:05.020 [main] PackageRelationshipCollection - Parsing relationship: /_rels/.rels
[DEBUG] 2024-01-07 15:15:05.042 [main] PackageRelationshipCollection - Parsing relationship: /xl/_rels/workbook.xml.rels
[DEBUG] 2024-01-07 15:15:05.043 [main] PackageRelationshipCollection - Parsing relationship: /xl/worksheets/_rels/sheet1.xml.rels
[DEBUG] 2024-01-07 15:15:05.044 [main] PackageRelationshipCollection - Parsing relationship: /_rels/.rels
[DEBUG] 2024-01-07 15:15:05.069 [main] PackageRelationshipCollection - Parsing relationship: /xl/_rels/workbook.xml.rels
[DEBUG] 2024-01-07 15:15:05.070 [main] PackageRelationshipCollection - Parsing relationship: /xl/worksheets/_rels/sheet1.xml.rels
[DEBUG] 2024-01-07 15:15:05.071 [main] PackageRelationshipCollection - Parsing relationship: /_rels/.rels
[DEBUG] 2024-01-07 15:15:11.999 [main] PackageRelationshipCollection - Parsing relationship: /xl/_rels/workbook.xml.rels
[DEBUG] 2024-01-07 15:15:11.999 [main] PackageRelationshipCollection - Parsing relationship: /xl/worksheets/_rels/sheet1.xml.rels
[DEBUG] 2024-01-07 15:15:12.000 [main] PackageRelationshipCollection - Parsing relationship: /_rels/.rels
[DEBUG] 2024-01-07 15:15:12.018 [main] PackageRelationshipCollection - Parsing relationship: /xl/_rels/workbook.xml.rels
[DEBUG] 2024-01-07 15:15:12.019 [main] PackageRelationshipCollection - Parsing relationship: /xl/worksheets/_rels/sheet1.xml.rels
[DEBUG] 2024-01-07 15:15:12.020 [main] PackageRelationshipCollection - Parsing relationship: /_rels/.rels
[DEBUG] 2024-01-07 15:15:12.054 [main] PackageRelationshipCollection - Parsing relationship: /xl/_rels/workbook.xml.rels
[DEBUG] 2024-01-07 15:15:12.055 [main] PackageRelationshipCollection - Parsing relationship: /xl/worksheets/_rels/sheet1.xml.rels
[DEBUG] 2024-01-07 15:15:12.057 [main] PackageRelationshipCollection - Parsing relationship: /_rels/.rels
[DEBUG] 2024-01-07 15:15:12.090 [main] PackageRelationshipCollection - Parsing relationship: /xl/_rels/workbook.xml.rels
[DEBUG] 2024-01-07 15:15:12.092 [main] PackageRelationshipCollection - Parsing relationship: /xl/worksheets/_rels/sheet1.xml.rels
[DEBUG] 2024-01-07 15:15:12.093 [main] PackageRelationshipCollection - Parsing relationship: /_rels/.rels
[INFO ] 2024-01-07 15:17:12.693 [main] UserTests - Creating User with the payload: api.payload.User@5974b233
[DEBUG] 2024-01-07 15:17:16.129 [main] UserTests - User created successfully response: {"code":200,"type":"unknown","message":"204684384"}
[INFO ] 2024-01-07 15:23:53.762 [main] UserTests - Creating User with the payload: api.payload.User@5974b233
[DEBUG] 2024-01-07 15:23:57.924 [main] UserTests - User created successfully response: {"code":200,"type":"unknown","message":"297602875"}
[INFO ] 2024-01-07 15:23:57.941 [main] UserTests - Getting User: jesse.casper
[DEBUG] 2024-01-07 15:23:59.240 [main] UserTests - User retrieved successfully : {"id":297602875,"username":"jesse.casper","email":"willard.dach@example.com","password":"ilsgvna","phone":"(501) 685-1792","userStatus":0}
[INFO ] 2024-01-07 15:23:59.245 [main] UserTests - Updating User: jesse.casper
[DEBUG] 2024-01-07 15:24:01.761 [main] UserTests - Updated User successfully: {"code":200,"type":"unknown","message":"297602875"}
[INFO ] 2024-01-07 15:24:01.765 [main] UserTests - Deleting User: jesse.casper
[DEBUG] 2024-01-07 15:24:02.974 [main] UserTests - Deleted User successfully: {"code":200,"type":"unknown","message":"jesse.casper"}
[INFO ] 2024-01-07 15:26:07.721 [main] UserTests2 - Creating User with the payload: api.payload.User@39266403
[FATAL] 2024-01-07 15:26:12.441 [main] UserTests2 - Fatal Error Occured for Create User: Connection refused: connect
[INFO ] 2024-01-07 15:26:31.396 [main] UserTests2 - Creating User with the payload: api.payload.User@1e40fbb3
[FATAL] 2024-01-07 15:27:33.609 [main] UserTests2 - Fatal Error Occured for Create User: Connection refused: connect
[INFO ] 2024-01-07 15:28:55.943 [main] UserTests2 - Creating User with the payload: api.payload.User@6897a4a
[INFO ] 2024-01-07 15:30:12.805 [main] UserTests2 - Creating User with the payload: api.payload.User@39266403
[INFO ] 2024-01-07 15:30:42.610 [main] UserTests2 - Creating User with the payload: api.payload.User@233f52f8
[FATAL] 2024-01-07 15:31:03.473 [main] UserTests2 - Fatal Error Occured for Create User: Can't find bundle for base name routes.properties, locale en_IN
[INFO ] 2024-01-07 15:33:12.774 [main] UserTests2 - Creating User with the payload: api.payload.User@9e02f84
[FATAL] 2024-01-07 15:33:42.691 [main] UserTests2 - Fatal Error Occured for Create User: Can't find bundle for base name //src//test//resources//routes, locale en_IN
[INFO ] 2024-01-07 15:36:08.619 [main] UserTests2 - Creating User with the payload: api.payload.User@6bce313
[INFO ] 2024-01-07 15:36:09.374 [main] UserTests2 - Creating User with the payload: api.payload.User@66f5b8fe
[INFO ] 2024-01-07 15:39:11.503 [main] UserTests - Creating User with the payload: api.payload.User@5974b233
[DEBUG] 2024-01-07 15:39:15.272 [main] UserTests - User created successfully response: {"code":200,"type":"unknown","message":"204684384"}
[INFO ] 2024-01-07 15:40:31.796 [main] UserTests2 - Creating User with the payload: api.payload.User@5974b233
[INFO ] 2024-01-07 15:41:37.238 [main] UserTests2 - Creating User with the payload: api.payload.User@5974b233
[DEBUG] 2024-01-07 15:41:41.170 [main] UserTests2 - User created successfully response: {"code":200,"type":"unknown","message":"204684384"}
[INFO ] 2024-01-07 15:41:53.914 [main] UserTests2 - Creating User with the payload: api.payload.User@5974b233
[DEBUG] 2024-01-07 15:41:57.875 [main] UserTests2 - User created successfully response: {"code":200,"type":"unknown","message":"297602875"}
[DEBUG] 2024-01-07 15:42:19.080 [main] PackageRelationshipCollection - Parsing relationship: /xl/_rels/workbook.xml.rels
[DEBUG] 2024-01-07 15:42:19.086 [main] PackageRelationshipCollection - Parsing relationship: /xl/worksheets/_rels/sheet1.xml.rels
[DEBUG] 2024-01-07 15:42:19.088 [main] PackageRelationshipCollection - Parsing relationship: /_rels/.rels
[DEBUG] 2024-01-07 15:42:19.955 [main] PackageRelationshipCollection - Parsing relationship: /xl/_rels/workbook.xml.rels
[DEBUG] 2024-01-07 15:42:19.956 [main] PackageRelationshipCollection - Parsing relationship: /xl/worksheets/_rels/sheet1.xml.rels
[DEBUG] 2024-01-07 15:42:19.958 [main] PackageRelationshipCollection - Parsing relationship: /_rels/.rels
[DEBUG] 2024-01-07 15:42:20.039 [main] PackageRelationshipCollection - Parsing relationship: /xl/_rels/workbook.xml.rels
[DEBUG] 2024-01-07 15:42:20.041 [main] PackageRelationshipCollection - Parsing relationship: /xl/worksheets/_rels/sheet1.xml.rels
[DEBUG] 2024-01-07 15:42:20.043 [main] PackageRelationshipCollection - Parsing relationship: /_rels/.rels
[DEBUG] 2024-01-07 15:42:20.137 [main] PackageRelationshipCollection - Parsing relationship: /xl/_rels/workbook.xml.rels
[DEBUG] 2024-01-07 15:42:20.140 [main] PackageRelationshipCollection - Parsing relationship: /xl/worksheets/_rels/sheet1.xml.rels
[DEBUG] 2024-01-07 15:42:20.142 [main] PackageRelationshipCollection - Parsing relationship: /_rels/.rels
[DEBUG] 2024-01-07 15:42:20.220 [main] PackageRelationshipCollection - Parsing relationship: /xl/_rels/workbook.xml.rels
[DEBUG] 2024-01-07 15:42:20.222 [main] PackageRelationshipCollection - Parsing relationship: /xl/worksheets/_rels/sheet1.xml.rels
[DEBUG] 2024-01-07 15:42:20.223 [main] PackageRelationshipCollection - Parsing relationship: /_rels/.rels
[DEBUG] 2024-01-07 15:42:20.284 [main] PackageRelationshipCollection - Parsing relationship: /xl/_rels/workbook.xml.rels
[DEBUG] 2024-01-07 15:42:20.286 [main] PackageRelationshipCollection - Parsing relationship: /xl/worksheets/_rels/sheet1.xml.rels
[DEBUG] 2024-01-07 15:42:20.287 [main] PackageRelationshipCollection - Parsing relationship: /_rels/.rels
[DEBUG] 2024-01-07 15:42:20.332 [main] PackageRelationshipCollection - Parsing relationship: /xl/_rels/workbook.xml.rels
[DEBUG] 2024-01-07 15:42:20.334 [main] PackageRelationshipCollection - Parsing relationship: /xl/worksheets/_rels/sheet1.xml.rels
[DEBUG] 2024-01-07 15:42:20.335 [main] PackageRelationshipCollection - Parsing relationship: /_rels/.rels
[DEBUG] 2024-01-07 15:42:20.386 [main] PackageRelationshipCollection - Parsing relationship: /xl/_rels/workbook.xml.rels
[DEBUG] 2024-01-07 15:42:20.393 [main] PackageRelationshipCollection - Parsing relationship: /xl/worksheets/_rels/sheet1.xml.rels
[DEBUG] 2024-01-07 15:42:20.397 [main] PackageRelationshipCollection - Parsing relationship: /_rels/.rels
[DEBUG] 2024-01-07 15:42:20.443 [main] PackageRelationshipCollection - Parsing relationship: /xl/_rels/workbook.xml.rels
[DEBUG] 2024-01-07 15:42:20.446 [main] PackageRelationshipCollection - Parsing relationship: /xl/worksheets/_rels/sheet1.xml.rels
[DEBUG] 2024-01-07 15:42:20.449 [main] PackageRelationshipCollection - Parsing relationship: /_rels/.rels
[DEBUG] 2024-01-07 15:42:20.502 [main] PackageRelationshipCollection - Parsing relationship: /xl/_rels/workbook.xml.rels
[DEBUG] 2024-01-07 15:42:20.503 [main] PackageRelationshipCollection - Parsing relationship: /xl/worksheets/_rels/sheet1.xml.rels
[DEBUG] 2024-01-07 15:42:20.505 [main] PackageRelationshipCollection - Parsing relationship: /_rels/.rels
[DEBUG] 2024-01-07 15:42:20.556 [main] PackageRelationshipCollection - Parsing relationship: /xl/_rels/workbook.xml.rels
[DEBUG] 2024-01-07 15:42:20.557 [main] PackageRelationshipCollection - Parsing relationship: /xl/worksheets/_rels/sheet1.xml.rels
[DEBUG] 2024-01-07 15:42:20.558 [main] PackageRelationshipCollection - Parsing relationship: /_rels/.rels
[DEBUG] 2024-01-07 15:42:20.599 [main] PackageRelationshipCollection - Parsing relationship: /xl/_rels/workbook.xml.rels
[DEBUG] 2024-01-07 15:42:20.601 [main] PackageRelationshipCollection - Parsing relationship: /xl/worksheets/_rels/sheet1.xml.rels
[DEBUG] 2024-01-07 15:42:20.603 [main] PackageRelationshipCollection - Parsing relationship: /_rels/.rels
[DEBUG] 2024-01-07 15:42:20.632 [main] PackageRelationshipCollection - Parsing relationship: /xl/_rels/workbook.xml.rels
[DEBUG] 2024-01-07 15:42:20.633 [main] PackageRelationshipCollection - Parsing relationship: /xl/worksheets/_rels/sheet1.xml.rels
[DEBUG] 2024-01-07 15:42:20.634 [main] PackageRelationshipCollection - Parsing relationship: /_rels/.rels
[DEBUG] 2024-01-07 15:42:20.820 [main] PackageRelationshipCollection - Parsing relationship: /xl/_rels/workbook.xml.rels
[DEBUG] 2024-01-07 15:42:20.821 [main] PackageRelationshipCollection - Parsing relationship: /xl/worksheets/_rels/sheet1.xml.rels
[DEBUG] 2024-01-07 15:42:20.822 [main] PackageRelationshipCollection - Parsing relationship: /_rels/.rels
[DEBUG] 2024-01-07 15:42:20.887 [main] PackageRelationshipCollection - Parsing relationship: /xl/_rels/workbook.xml.rels
[DEBUG] 2024-01-07 15:42:20.888 [main] PackageRelationshipCollection - Parsing relationship: /xl/worksheets/_rels/sheet1.xml.rels
[DEBUG] 2024-01-07 15:42:20.889 [main] PackageRelationshipCollection - Parsing relationship: /_rels/.rels
[DEBUG] 2024-01-07 15:42:20.917 [main] PackageRelationshipCollection - Parsing relationship: /xl/_rels/workbook.xml.rels
[DEBUG] 2024-01-07 15:42:20.918 [main] PackageRelationshipCollection - Parsing relationship: /xl/worksheets/_rels/sheet1.xml.rels
[DEBUG] 2024-01-07 15:42:20.919 [main] PackageRelationshipCollection - Parsing relationship: /_rels/.rels
[DEBUG] 2024-01-07 15:42:20.966 [main] PackageRelationshipCollection - Parsing relationship: /xl/_rels/workbook.xml.rels
[DEBUG] 2024-01-07 15:42:20.968 [main] PackageRelationshipCollection - Parsing relationship: /xl/worksheets/_rels/sheet1.xml.rels
[DEBUG] 2024-01-07 15:42:20.969 [main] PackageRelationshipCollection - Parsing relationship: /_rels/.rels
[DEBUG] 2024-01-07 15:42:21.018 [main] PackageRelationshipCollection - Parsing relationship: /xl/_rels/workbook.xml.rels
[DEBUG] 2024-01-07 15:42:21.023 [main] PackageRelationshipCollection - Parsing relationship: /xl/worksheets/_rels/sheet1.xml.rels
[DEBUG] 2024-01-07 15:42:21.024 [main] PackageRelationshipCollection - Parsing relationship: /_rels/.rels
[DEBUG] 2024-01-07 15:42:21.058 [main] PackageRelationshipCollection - Parsing relationship: /xl/_rels/workbook.xml.rels
[DEBUG] 2024-01-07 15:42:21.059 [main] PackageRelationshipCollection - Parsing relationship: /xl/worksheets/_rels/sheet1.xml.rels
[DEBUG] 2024-01-07 15:42:21.060 [main] PackageRelationshipCollection - Parsing relationship: /_rels/.rels
[DEBUG] 2024-01-07 15:42:21.098 [main] PackageRelationshipCollection - Parsing relationship: /xl/_rels/workbook.xml.rels
[DEBUG] 2024-01-07 15:42:21.103 [main] PackageRelationshipCollection - Parsing relationship: /xl/worksheets/_rels/sheet1.xml.rels
[DEBUG] 2024-01-07 15:42:21.104 [main] PackageRelationshipCollection - Parsing relationship: /_rels/.rels
[DEBUG] 2024-01-07 15:42:21.135 [main] PackageRelationshipCollection - Parsing relationship: /xl/_rels/workbook.xml.rels
[DEBUG] 2024-01-07 15:42:21.137 [main] PackageRelationshipCollection - Parsing relationship: /xl/worksheets/_rels/sheet1.xml.rels
[DEBUG] 2024-01-07 15:42:21.138 [main] PackageRelationshipCollection - Parsing relationship: /_rels/.rels
[DEBUG] 2024-01-07 15:42:21.168 [main] PackageRelationshipCollection - Parsing relationship: /xl/_rels/workbook.xml.rels
[DEBUG] 2024-01-07 15:42:21.169 [main] PackageRelationshipCollection - Parsing relationship: /xl/worksheets/_rels/sheet1.xml.rels
[DEBUG] 2024-01-07 15:42:21.170 [main] PackageRelationshipCollection - Parsing relationship: /_rels/.rels
[DEBUG] 2024-01-07 15:42:21.199 [main] PackageRelationshipCollection - Parsing relationship: /xl/_rels/workbook.xml.rels
[DEBUG] 2024-01-07 15:42:21.200 [main] PackageRelationshipCollection - Parsing relationship: /xl/worksheets/_rels/sheet1.xml.rels
[DEBUG] 2024-01-07 15:42:21.201 [main] PackageRelationshipCollection - Parsing relationship: /_rels/.rels
[DEBUG] 2024-01-07 15:42:27.757 [main] PackageRelationshipCollection - Parsing relationship: /xl/_rels/workbook.xml.rels
[DEBUG] 2024-01-07 15:42:27.758 [main] PackageRelationshipCollection - Parsing relationship: /xl/worksheets/_rels/sheet1.xml.rels
[DEBUG] 2024-01-07 15:42:27.759 [main] PackageRelationshipCollection - Parsing relationship: /_rels/.rels
[DEBUG] 2024-01-07 15:42:27.777 [main] PackageRelationshipCollection - Parsing relationship: /xl/_rels/workbook.xml.rels
[DEBUG] 2024-01-07 15:42:27.778 [main] PackageRelationshipCollection - Parsing relationship: /xl/worksheets/_rels/sheet1.xml.rels
[DEBUG] 2024-01-07 15:42:27.778 [main] PackageRelationshipCollection - Parsing relationship: /_rels/.rels
[DEBUG] 2024-01-07 15:42:27.797 [main] PackageRelationshipCollection - Parsing relationship: /xl/_rels/workbook.xml.rels
[DEBUG] 2024-01-07 15:42:27.801 [main] PackageRelationshipCollection - Parsing relationship: /xl/worksheets/_rels/sheet1.xml.rels
[DEBUG] 2024-01-07 15:42:27.802 [main] PackageRelationshipCollection - Parsing relationship: /_rels/.rels
[DEBUG] 2024-01-07 15:42:27.823 [main] PackageRelationshipCollection - Parsing relationship: /xl/_rels/workbook.xml.rels
[DEBUG] 2024-01-07 15:42:27.824 [main] PackageRelationshipCollection - Parsing relationship: /xl/worksheets/_rels/sheet1.xml.rels
[DEBUG] 2024-01-07 15:42:27.829 [main] PackageRelationshipCollection - Parsing relationship: /_rels/.rels
[INFO ] 2024-01-07 15:43:20.491 [main] UserTests - Creating User with the payload: api.payload.User@11ede87f
[DEBUG] 2024-01-07 15:43:24.401 [main] UserTests - User created successfully response: {"code":200,"type":"unknown","message":"519492428"}
[INFO ] 2024-01-07 15:43:24.512 [main] UserTests - Getting User: arnold.runte
[DEBUG] 2024-01-07 15:43:25.738 [main] UserTests - User retrieved successfully : {"id":519492428,"username":"arnold.runte","email":"blythe.greenholt@example.com","password":"beu7s","phone":"1-009-272-2902","userStatus":0}
[INFO ] 2024-01-07 15:43:25.742 [main] UserTests - Updating User: arnold.runte
[DEBUG] 2024-01-07 15:43:28.124 [main] UserTests - Updated User successfully: {"code":200,"type":"unknown","message":"519492428"}
[INFO ] 2024-01-07 15:43:28.127 [main] UserTests - Deleting User: arnold.runte
[DEBUG] 2024-01-07 15:43:29.358 [main] UserTests - Deleted User successfully: {"code":200,"type":"unknown","message":"arnold.runte"}
[INFO ] 2024-01-07 15:43:29.419 [main] UserTests2 - Creating User with the payload: api.payload.User@103a1ad3
[DEBUG] 2024-01-07 15:43:30.648 [main] UserTests2 - User created successfully response: {"code":200,"type":"unknown","message":"1486209125"}
[DEBUG] 2024-01-07 15:43:35.554 [main] PackageRelationshipCollection - Parsing relationship: /xl/_rels/workbook.xml.rels
[DEBUG] 2024-01-07 15:43:35.556 [main] PackageRelationshipCollection - Parsing relationship: /xl/worksheets/_rels/sheet1.xml.rels
[DEBUG] 2024-01-07 15:43:35.560 [main] PackageRelationshipCollection - Parsing relationship: /_rels/.rels
[DEBUG] 2024-01-07 15:43:36.255 [main] PackageRelationshipCollection - Parsing relationship: /xl/_rels/workbook.xml.rels
[DEBUG] 2024-01-07 15:43:36.257 [main] PackageRelationshipCollection - Parsing relationship: /xl/worksheets/_rels/sheet1.xml.rels
[DEBUG] 2024-01-07 15:43:36.258 [main] PackageRelationshipCollection - Parsing relationship: /_rels/.rels
[DEBUG] 2024-01-07 15:43:36.319 [main] PackageRelationshipCollection - Parsing relationship: /xl/_rels/workbook.xml.rels
[DEBUG] 2024-01-07 15:43:36.320 [main] PackageRelationshipCollection - Parsing relationship: /xl/worksheets/_rels/sheet1.xml.rels
[DEBUG] 2024-01-07 15:43:36.321 [main] PackageRelationshipCollection - Parsing relationship: /_rels/.rels
[DEBUG] 2024-01-07 15:43:36.386 [main] PackageRelationshipCollection - Parsing relationship: /xl/_rels/workbook.xml.rels
[DEBUG] 2024-01-07 15:43:36.387 [main] PackageRelationshipCollection - Parsing relationship: /xl/worksheets/_rels/sheet1.xml.rels
[DEBUG] 2024-01-07 15:43:36.388 [main] PackageRelationshipCollection - Parsing relationship: /_rels/.rels
[DEBUG] 2024-01-07 15:43:36.431 [main] PackageRelationshipCollection - Parsing relationship: /xl/_rels/workbook.xml.rels
[DEBUG] 2024-01-07 15:43:36.432 [main] PackageRelationshipCollection - Parsing relationship: /xl/worksheets/_rels/sheet1.xml.rels
[DEBUG] 2024-01-07 15:43:36.434 [main] PackageRelationshipCollection - Parsing relationship: /_rels/.rels
[DEBUG] 2024-01-07 15:43:36.487 [main] PackageRelationshipCollection - Parsing relationship: /xl/_rels/workbook.xml.rels
[DEBUG] 2024-01-07 15:43:36.488 [main] PackageRelationshipCollection - Parsing relationship: /xl/worksheets/_rels/sheet1.xml.rels
[DEBUG] 2024-01-07 15:43:36.490 [main] PackageRelationshipCollection - Parsing relationship: /_rels/.rels
[DEBUG] 2024-01-07 15:43:36.526 [main] PackageRelationshipCollection - Parsing relationship: /xl/_rels/workbook.xml.rels
[DEBUG] 2024-01-07 15:43:36.527 [main] PackageRelationshipCollection - Parsing relationship: /xl/worksheets/_rels/sheet1.xml.rels
[DEBUG] 2024-01-07 15:43:36.528 [main] PackageRelationshipCollection - Parsing relationship: /_rels/.rels
[DEBUG] 2024-01-07 15:43:36.573 [main] PackageRelationshipCollection - Parsing relationship: /xl/_rels/workbook.xml.rels
[DEBUG] 2024-01-07 15:43:36.574 [main] PackageRelationshipCollection - Parsing relationship: /xl/worksheets/_rels/sheet1.xml.rels
[DEBUG] 2024-01-07 15:43:36.580 [main] PackageRelationshipCollection - Parsing relationship: /_rels/.rels
[DEBUG] 2024-01-07 15:43:36.622 [main] PackageRelationshipCollection - Parsing relationship: /xl/_rels/workbook.xml.rels
[DEBUG] 2024-01-07 15:43:36.628 [main] PackageRelationshipCollection - Parsing relationship: /xl/worksheets/_rels/sheet1.xml.rels
[DEBUG] 2024-01-07 15:43:36.632 [main] PackageRelationshipCollection - Parsing relationship: /_rels/.rels
[DEBUG] 2024-01-07 15:43:36.671 [main] PackageRelationshipCollection - Parsing relationship: /xl/_rels/workbook.xml.rels
[DEBUG] 2024-01-07 15:43:36.672 [main] PackageRelationshipCollection - Parsing relationship: /xl/worksheets/_rels/sheet1.xml.rels
[DEBUG] 2024-01-07 15:43:36.678 [main] PackageRelationshipCollection - Parsing relationship: /_rels/.rels
[DEBUG] 2024-01-07 15:43:36.764 [main] PackageRelationshipCollection - Parsing relationship: /xl/_rels/workbook.xml.rels
[DEBUG] 2024-01-07 15:43:36.766 [main] PackageRelationshipCollection - Parsing relationship: /xl/worksheets/_rels/sheet1.xml.rels
[DEBUG] 2024-01-07 15:43:36.767 [main] PackageRelationshipCollection - Parsing relationship: /_rels/.rels
[DEBUG] 2024-01-07 15:43:36.808 [main] PackageRelationshipCollection - Parsing relationship: /xl/_rels/workbook.xml.rels
[DEBUG] 2024-01-07 15:43:36.809 [main] PackageRelationshipCollection - Parsing relationship: /xl/worksheets/_rels/sheet1.xml.rels
[DEBUG] 2024-01-07 15:43:36.810 [main] PackageRelationshipCollection - Parsing relationship: /_rels/.rels
[DEBUG] 2024-01-07 15:43:36.850 [main] PackageRelationshipCollection - Parsing relationship: /xl/_rels/workbook.xml.rels
[DEBUG] 2024-01-07 15:43:36.853 [main] PackageRelationshipCollection - Parsing relationship: /xl/worksheets/_rels/sheet1.xml.rels
[DEBUG] 2024-01-07 15:43:36.855 [main] PackageRelationshipCollection - Parsing relationship: /_rels/.rels
[DEBUG] 2024-01-07 15:43:36.897 [main] PackageRelationshipCollection - Parsing relationship: /xl/_rels/workbook.xml.rels
[DEBUG] 2024-01-07 15:43:36.899 [main] PackageRelationshipCollection - Parsing relationship: /xl/worksheets/_rels/sheet1.xml.rels
[DEBUG] 2024-01-07 15:43:36.900 [main] PackageRelationshipCollection - Parsing relationship: /_rels/.rels
[DEBUG] 2024-01-07 15:43:36.936 [main] PackageRelationshipCollection - Parsing relationship: /xl/_rels/workbook.xml.rels
[DEBUG] 2024-01-07 15:43:36.937 [main] PackageRelationshipCollection - Parsing relationship: /xl/worksheets/_rels/sheet1.xml.rels
[DEBUG] 2024-01-07 15:43:36.938 [main] PackageRelationshipCollection - Parsing relationship: /_rels/.rels
[DEBUG] 2024-01-07 15:43:36.970 [main] PackageRelationshipCollection - Parsing relationship: /xl/_rels/workbook.xml.rels
[DEBUG] 2024-01-07 15:43:36.971 [main] PackageRelationshipCollection - Parsing relationship: /xl/worksheets/_rels/sheet1.xml.rels
[DEBUG] 2024-01-07 15:43:36.972 [main] PackageRelationshipCollection - Parsing relationship: /_rels/.rels
[DEBUG] 2024-01-07 15:43:37.017 [main] PackageRelationshipCollection - Parsing relationship: /xl/_rels/workbook.xml.rels
[DEBUG] 2024-01-07 15:43:37.018 [main] PackageRelationshipCollection - Parsing relationship: /xl/worksheets/_rels/sheet1.xml.rels
[DEBUG] 2024-01-07 15:43:37.019 [main] PackageRelationshipCollection - Parsing relationship: /_rels/.rels
[DEBUG] 2024-01-07 15:43:37.050 [main] PackageRelationshipCollection - Parsing relationship: /xl/_rels/workbook.xml.rels
[DEBUG] 2024-01-07 15:43:37.051 [main] PackageRelationshipCollection - Parsing relationship: /xl/worksheets/_rels/sheet1.xml.rels
[DEBUG] 2024-01-07 15:43:37.053 [main] PackageRelationshipCollection - Parsing relationship: /_rels/.rels
[DEBUG] 2024-01-07 15:43:37.090 [main] PackageRelationshipCollection - Parsing relationship: /xl/_rels/workbook.xml.rels
[DEBUG] 2024-01-07 15:43:37.094 [main] PackageRelationshipCollection - Parsing relationship: /xl/worksheets/_rels/sheet1.xml.rels
[DEBUG] 2024-01-07 15:43:37.095 [main] PackageRelationshipCollection - Parsing relationship: /_rels/.rels
[DEBUG] 2024-01-07 15:43:37.187 [main] PackageRelationshipCollection - Parsing relationship: /xl/_rels/workbook.xml.rels
[DEBUG] 2024-01-07 15:43:37.190 [main] PackageRelationshipCollection - Parsing relationship: /xl/worksheets/_rels/sheet1.xml.rels
[DEBUG] 2024-01-07 15:43:37.208 [main] PackageRelationshipCollection - Parsing relationship: /_rels/.rels
[DEBUG] 2024-01-07 15:43:37.311 [main] PackageRelationshipCollection - Parsing relationship: /xl/_rels/workbook.xml.rels
[DEBUG] 2024-01-07 15:43:37.316 [main] PackageRelationshipCollection - Parsing relationship: /xl/worksheets/_rels/sheet1.xml.rels
[DEBUG] 2024-01-07 15:43:37.317 [main] PackageRelationshipCollection - Parsing relationship: /_rels/.rels
[DEBUG] 2024-01-07 15:43:37.357 [main] PackageRelationshipCollection - Parsing relationship: /xl/_rels/workbook.xml.rels
[DEBUG] 2024-01-07 15:43:37.358 [main] PackageRelationshipCollection - Parsing relationship: /xl/worksheets/_rels/sheet1.xml.rels
[DEBUG] 2024-01-07 15:43:37.361 [main] PackageRelationshipCollection - Parsing relationship: /_rels/.rels
[DEBUG] 2024-01-07 15:43:37.436 [main] PackageRelationshipCollection - Parsing relationship: /xl/_rels/workbook.xml.rels
[DEBUG] 2024-01-07 15:43:37.438 [main] PackageRelationshipCollection - Parsing relationship: /xl/worksheets/_rels/sheet1.xml.rels
[DEBUG] 2024-01-07 15:43:37.439 [main] PackageRelationshipCollection - Parsing relationship: /_rels/.rels
[DEBUG] 2024-01-07 15:43:41.203 [main] PackageRelationshipCollection - Parsing relationship: /xl/_rels/workbook.xml.rels
[DEBUG] 2024-01-07 15:43:41.204 [main] PackageRelationshipCollection - Parsing relationship: /xl/worksheets/_rels/sheet1.xml.rels
[DEBUG] 2024-01-07 15:43:41.204 [main] PackageRelationshipCollection - Parsing relationship: /_rels/.rels
[DEBUG] 2024-01-07 15:43:41.220 [main] PackageRelationshipCollection - Parsing relationship: /xl/_rels/workbook.xml.rels
[DEBUG] 2024-01-07 15:43:41.220 [main] PackageRelationshipCollection - Parsing relationship: /xl/worksheets/_rels/sheet1.xml.rels
[DEBUG] 2024-01-07 15:43:41.221 [main] PackageRelationshipCollection - Parsing relationship: /_rels/.rels
[DEBUG] 2024-01-07 15:43:41.239 [main] PackageRelationshipCollection - Parsing relationship: /xl/_rels/workbook.xml.rels
[DEBUG] 2024-01-07 15:43:41.240 [main] PackageRelationshipCollection - Parsing relationship: /xl/worksheets/_rels/sheet1.xml.rels
[DEBUG] 2024-01-07 15:43:41.241 [main] PackageRelationshipCollection - Parsing relationship: /_rels/.rels
[DEBUG] 2024-01-07 15:43:41.260 [main] PackageRelationshipCollection - Parsing relationship: /xl/_rels/workbook.xml.rels
[DEBUG] 2024-01-07 15:43:41.260 [main] PackageRelationshipCollection - Parsing relationship: /xl/worksheets/_rels/sheet1.xml.rels
[DEBUG] 2024-01-07 15:43:41.261 [main] PackageRelationshipCollection - Parsing relationship: /_rels/.rels
[DEBUG] 2024-01-07 16:00:18.043 [main] PackageRelationshipCollection - Parsing relationship: /xl/_rels/workbook.xml.rels
[DEBUG] 2024-01-07 16:00:18.076 [main] PackageRelationshipCollection - Parsing relationship: /xl/worksheets/_rels/sheet1.xml.rels
[DEBUG] 2024-01-07 16:00:18.079 [main] PackageRelationshipCollection - Parsing relationship: /_rels/.rels
[DEBUG] 2024-01-07 16:00:19.712 [main] PackageRelationshipCollection - Parsing relationship: /xl/_rels/workbook.xml.rels
[DEBUG] 2024-01-07 16:00:19.713 [main] PackageRelationshipCollection - Parsing relationship: /xl/worksheets/_rels/sheet1.xml.rels
[DEBUG] 2024-01-07 16:00:19.715 [main] PackageRelationshipCollection - Parsing relationship: /_rels/.rels
[DEBUG] 2024-01-07 16:00:19.823 [main] PackageRelationshipCollection - Parsing relationship: /xl/_rels/workbook.xml.rels
[DEBUG] 2024-01-07 16:00:19.830 [main] PackageRelationshipCollection - Parsing relationship: /xl/worksheets/_rels/sheet1.xml.rels
[DEBUG] 2024-01-07 16:00:19.842 [main] PackageRelationshipCollection - Parsing relationship: /_rels/.rels
[DEBUG] 2024-01-07 16:00:20.145 [main] PackageRelationshipCollection - Parsing relationship: /xl/_rels/workbook.xml.rels
[DEBUG] 2024-01-07 16:00:20.146 [main] PackageRelationshipCollection - Parsing relationship: /xl/worksheets/_rels/sheet1.xml.rels
[DEBUG] 2024-01-07 16:00:20.149 [main] PackageRelationshipCollection - Parsing relationship: /_rels/.rels
[DEBUG] 2024-01-07 16:00:20.197 [main] PackageRelationshipCollection - Parsing relationship: /xl/_rels/workbook.xml.rels
[DEBUG] 2024-01-07 16:00:20.203 [main] PackageRelationshipCollection - Parsing relationship: /xl/worksheets/_rels/sheet1.xml.rels
[DEBUG] 2024-01-07 16:00:20.205 [main] PackageRelationshipCollection - Parsing relationship: /_rels/.rels
[DEBUG] 2024-01-07 16:00:20.308 [main] PackageRelationshipCollection - Parsing relationship: /xl/_rels/workbook.xml.rels
[DEBUG] 2024-01-07 16:00:20.310 [main] PackageRelationshipCollection - Parsing relationship: /xl/worksheets/_rels/sheet1.xml.rels
[DEBUG] 2024-01-07 16:00:20.312 [main] PackageRelationshipCollection - Parsing relationship: /_rels/.rels
[DEBUG] 2024-01-07 16:00:20.378 [main] PackageRelationshipCollection - Parsing relationship: /xl/_rels/workbook.xml.rels
[DEBUG] 2024-01-07 16:00:20.380 [main] PackageRelationshipCollection - Parsing relationship: /xl/worksheets/_rels/sheet1.xml.rels
[DEBUG] 2024-01-07 16:00:20.381 [main] PackageRelationshipCollection - Parsing relationship: /_rels/.rels
[DEBUG] 2024-01-07 16:00:20.419 [main] PackageRelationshipCollection - Parsing relationship: /xl/_rels/workbook.xml.rels
[DEBUG] 2024-01-07 16:00:20.421 [main] PackageRelationshipCollection - Parsing relationship: /xl/worksheets/_rels/sheet1.xml.rels
[DEBUG] 2024-01-07 16:00:20.422 [main] PackageRelationshipCollection - Parsing relationship: /_rels/.rels
[DEBUG] 2024-01-07 16:00:20.474 [main] PackageRelationshipCollection - Parsing relationship: /xl/_rels/workbook.xml.rels
[DEBUG] 2024-01-07 16:00:20.475 [main] PackageRelationshipCollection - Parsing relationship: /xl/worksheets/_rels/sheet1.xml.rels
[DEBUG] 2024-01-07 16:00:20.476 [main] PackageRelationshipCollection - Parsing relationship: /_rels/.rels
[DEBUG] 2024-01-07 16:00:20.590 [main] PackageRelationshipCollection - Parsing relationship: /xl/_rels/workbook.xml.rels
[DEBUG] 2024-01-07 16:00:20.593 [main] PackageRelationshipCollection - Parsing relationship: /xl/worksheets/_rels/sheet1.xml.rels
[DEBUG] 2024-01-07 16:00:20.597 [main] PackageRelationshipCollection - Parsing relationship: /_rels/.rels
[DEBUG] 2024-01-07 16:00:20.641 [main] PackageRelationshipCollection - Parsing relationship: /xl/_rels/workbook.xml.rels
[DEBUG] 2024-01-07 16:00:20.643 [main] PackageRelationshipCollection - Parsing relationship: /xl/worksheets/_rels/sheet1.xml.rels
[DEBUG] 2024-01-07 16:00:20.644 [main] PackageRelationshipCollection - Parsing relationship: /_rels/.rels
[DEBUG] 2024-01-07 16:00:20.698 [main] PackageRelationshipCollection - Parsing relationship: /xl/_rels/workbook.xml.rels
[DEBUG] 2024-01-07 16:00:20.702 [main] PackageRelationshipCollection - Parsing relationship: /xl/worksheets/_rels/sheet1.xml.rels
[DEBUG] 2024-01-07 16:00:20.704 [main] PackageRelationshipCollection - Parsing relationship: /_rels/.rels
[DEBUG] 2024-01-07 16:00:20.757 [main] PackageRelationshipCollection - Parsing relationship: /xl/_rels/workbook.xml.rels
[DEBUG] 2024-01-07 16:00:20.758 [main] PackageRelationshipCollection - Parsing relationship: /xl/worksheets/_rels/sheet1.xml.rels
[DEBUG] 2024-01-07 16:00:20.759 [main] PackageRelationshipCollection - Parsing relationship: /_rels/.rels
[DEBUG] 2024-01-07 16:00:20.826 [main] PackageRelationshipCollection - Parsing relationship: /xl/_rels/workbook.xml.rels
[DEBUG] 2024-01-07 16:00:20.828 [main] PackageRelationshipCollection - Parsing relationship: /xl/worksheets/_rels/sheet1.xml.rels
[DEBUG] 2024-01-07 16:00:20.829 [main] PackageRelationshipCollection - Parsing relationship: /_rels/.rels
[DEBUG] 2024-01-07 16:00:20.876 [main] PackageRelationshipCollection - Parsing relationship: /xl/_rels/workbook.xml.rels
[DEBUG] 2024-01-07 16:00:20.878 [main] PackageRelationshipCollection - Parsing relationship: /xl/worksheets/_rels/sheet1.xml.rels
[DEBUG] 2024-01-07 16:00:20.879 [main] PackageRelationshipCollection - Parsing relationship: /_rels/.rels
[DEBUG] 2024-01-07 16:00:20.937 [main] PackageRelationshipCollection - Parsing relationship: /xl/_rels/workbook.xml.rels
[DEBUG] 2024-01-07 16:00:20.938 [main] PackageRelationshipCollection - Parsing relationship: /xl/worksheets/_rels/sheet1.xml.rels
[DEBUG] 2024-01-07 16:00:20.939 [main] PackageRelationshipCollection - Parsing relationship: /_rels/.rels
[DEBUG] 2024-01-07 16:00:21.013 [main] PackageRelationshipCollection - Parsing relationship: /xl/_rels/workbook.xml.rels
[DEBUG] 2024-01-07 16:00:21.027 [main] PackageRelationshipCollection - Parsing relationship: /xl/worksheets/_rels/sheet1.xml.rels
[DEBUG] 2024-01-07 16:00:21.028 [main] PackageRelationshipCollection - Parsing relationship: /_rels/.rels
[DEBUG] 2024-01-07 16:00:21.155 [main] PackageRelationshipCollection - Parsing relationship: /xl/_rels/workbook.xml.rels
[DEBUG] 2024-01-07 16:00:21.159 [main] PackageRelationshipCollection - Parsing relationship: /xl/worksheets/_rels/sheet1.xml.rels
[DEBUG] 2024-01-07 16:00:21.160 [main] PackageRelationshipCollection - Parsing relationship: /_rels/.rels
[DEBUG] 2024-01-07 16:00:21.294 [main] PackageRelationshipCollection - Parsing relationship: /xl/_rels/workbook.xml.rels
[DEBUG] 2024-01-07 16:00:21.302 [main] PackageRelationshipCollection - Parsing relationship: /xl/worksheets/_rels/sheet1.xml.rels
[DEBUG] 2024-01-07 16:00:21.310 [main] PackageRelationshipCollection - Parsing relationship: /_rels/.rels
[DEBUG] 2024-01-07 16:00:21.353 [main] PackageRelationshipCollection - Parsing relationship: /xl/_rels/workbook.xml.rels
[DEBUG] 2024-01-07 16:00:21.354 [main] PackageRelationshipCollection - Parsing relationship: /xl/worksheets/_rels/sheet1.xml.rels
[DEBUG] 2024-01-07 16:00:21.355 [main] PackageRelationshipCollection - Parsing relationship: /_rels/.rels
[DEBUG] 2024-01-07 16:00:21.396 [main] PackageRelationshipCollection - Parsing relationship: /xl/_rels/workbook.xml.rels
[DEBUG] 2024-01-07 16:00:21.398 [main] PackageRelationshipCollection - Parsing relationship: /xl/worksheets/_rels/sheet1.xml.rels
[DEBUG] 2024-01-07 16:00:21.398 [main] PackageRelationshipCollection - Parsing relationship: /_rels/.rels
[DEBUG] 2024-01-07 16:00:21.441 [main] PackageRelationshipCollection - Parsing relationship: /xl/_rels/workbook.xml.rels
[DEBUG] 2024-01-07 16:00:21.442 [main] PackageRelationshipCollection - Parsing relationship: /xl/worksheets/_rels/sheet1.xml.rels
[DEBUG] 2024-01-07 16:00:21.443 [main] PackageRelationshipCollection - Parsing relationship: /_rels/.rels
[DEBUG] 2024-01-07 16:00:21.491 [main] PackageRelationshipCollection - Parsing relationship: /xl/_rels/workbook.xml.rels
[DEBUG] 2024-01-07 16:00:21.492 [main] PackageRelationshipCollection - Parsing relationship: /xl/worksheets/_rels/sheet1.xml.rels
[DEBUG] 2024-01-07 16:00:21.493 [main] PackageRelationshipCollection - Parsing relationship: /_rels/.rels
[DEBUG] 2024-01-07 16:00:30.253 [main] PackageRelationshipCollection - Parsing relationship: /xl/_rels/workbook.xml.rels
[DEBUG] 2024-01-07 16:00:30.254 [main] PackageRelationshipCollection - Parsing relationship: /xl/worksheets/_rels/sheet1.xml.rels
[DEBUG] 2024-01-07 16:00:30.254 [main] PackageRelationshipCollection - Parsing relationship: /_rels/.rels
[DEBUG] 2024-01-07 16:00:30.269 [main] PackageRelationshipCollection - Parsing relationship: /xl/_rels/workbook.xml.rels
[DEBUG] 2024-01-07 16:00:30.270 [main] PackageRelationshipCollection - Parsing relationship: /xl/worksheets/_rels/sheet1.xml.rels
[DEBUG] 2024-01-07 16:00:30.271 [main] PackageRelationshipCollection - Parsing relationship: /_rels/.rels
[DEBUG] 2024-01-07 16:00:30.329 [main] PackageRelationshipCollection - Parsing relationship: /xl/_rels/workbook.xml.rels
[DEBUG] 2024-01-07 16:00:30.330 [main] PackageRelationshipCollection - Parsing relationship: /xl/worksheets/_rels/sheet1.xml.rels
[DEBUG] 2024-01-07 16:00:30.330 [main] PackageRelationshipCollection - Parsing relationship: /_rels/.rels
[DEBUG] 2024-01-07 16:00:30.354 [main] PackageRelationshipCollection - Parsing relationship: /xl/_rels/workbook.xml.rels
[DEBUG] 2024-01-07 16:00:30.355 [main] PackageRelationshipCollection - Parsing relationship: /xl/worksheets/_rels/sheet1.xml.rels
[DEBUG] 2024-01-07 16:00:30.356 [main] PackageRelationshipCollection - Parsing relationship: /_rels/.rels
[INFO ] 2024-01-07 16:00:34.474 [main] UserTests - Creating User with the payload: api.payload.User@177302d6
[DEBUG] 2024-01-07 16:00:35.669 [main] UserTests - User created successfully response: {"code":200,"type":"unknown","message":"219553950"}
[INFO ] 2024-01-07 16:00:35.670 [main] UserTests - Getting User: nery.emard
[DEBUG] 2024-01-07 16:00:36.891 [main] UserTests - User retrieved successfully : {"id":219553950,"username":"nery.emard","email":"kassandra.johnson@example.com","password":"uhegl36x","phone":"(328) 674-0941","userStatus":0}
[INFO ] 2024-01-07 16:00:36.894 [main] UserTests - Updating User: nery.emard
[DEBUG] 2024-01-07 16:00:39.262 [main] UserTests - Updated User successfully: {"code":200,"type":"unknown","message":"219553950"}
[INFO ] 2024-01-07 16:00:39.263 [main] UserTests - Deleting User: nery.emard
[DEBUG] 2024-01-07 16:00:40.464 [main] UserTests - Deleted User successfully: {"code":200,"type":"unknown","message":"nery.emard"}
[INFO ] 2024-01-07 16:06:10.511 [main] UserTests - Creating User with the payload: api.payload.User@3a1b36a1
[DEBUG] 2024-01-07 16:06:15.262 [main] UserTests - User created successfully response: {"code":200,"type":"unknown","message":"351962798"}
[INFO ] 2024-01-07 16:06:15.291 [main] UserTests - Getting User: coy.hagenes
[DEBUG] 2024-01-07 16:06:16.673 [main] UserTests - User retrieved successfully : {"id":351962798,"username":"coy.hagenes","email":"saturnina.terry@example.com","password":"88i9t7","phone":"(916) 899-9176","userStatus":0}
[INFO ] 2024-01-07 16:06:16.682 [main] UserTests - Updating User: coy.hagenes
[DEBUG] 2024-01-07 16:06:19.119 [main] UserTests - Updated User successfully: {"code":200,"type":"unknown","message":"351962798"}
[INFO ] 2024-01-07 16:06:19.122 [main] UserTests - Deleting User: coy.hagenes
[DEBUG] 2024-01-07 16:06:20.328 [main] UserTests - Deleted User successfully: {"code":200,"type":"unknown","message":"coy.hagenes"}
[INFO ] 2024-01-07 16:06:20.402 [main] UserTests2 - Creating User with the payload: api.payload.User@1d6ed085
[DEBUG] 2024-01-07 16:06:21.628 [main] UserTests2 - User created successfully response: {"code":200,"type":"unknown","message":"1749003390"}
[DEBUG] 2024-01-07 16:06:34.355 [main] PackageRelationshipCollection - Parsing relationship: /xl/_rels/workbook.xml.rels
[DEBUG] 2024-01-07 16:06:34.358 [main] PackageRelationshipCollection - Parsing relationship: /xl/worksheets/_rels/sheet1.xml.rels
[DEBUG] 2024-01-07 16:06:34.359 [main] PackageRelationshipCollection - Parsing relationship: /_rels/.rels
[DEBUG] 2024-01-07 16:06:51.429 [main] PackageRelationshipCollection - Parsing relationship: /xl/_rels/workbook.xml.rels
[DEBUG] 2024-01-07 16:06:51.431 [main] PackageRelationshipCollection - Parsing relationship: /xl/worksheets/_rels/sheet1.xml.rels
[DEBUG] 2024-01-07 16:06:51.436 [main] PackageRelationshipCollection - Parsing relationship: /_rels/.rels
[DEBUG] 2024-01-07 16:06:51.488 [main] PackageRelationshipCollection - Parsing relationship: /xl/_rels/workbook.xml.rels
[DEBUG] 2024-01-07 16:06:51.492 [main] PackageRelationshipCollection - Parsing relationship: /xl/worksheets/_rels/sheet1.xml.rels
[DEBUG] 2024-01-07 16:06:51.495 [main] PackageRelationshipCollection - Parsing relationship: /_rels/.rels
[DEBUG] 2024-01-07 16:06:52.655 [main] PackageRelationshipCollection - Parsing relationship: /xl/_rels/workbook.xml.rels
[DEBUG] 2024-01-07 16:06:52.659 [main] PackageRelationshipCollection - Parsing relationship: /xl/worksheets/_rels/sheet1.xml.rels
[DEBUG] 2024-01-07 16:06:52.662 [main] PackageRelationshipCollection - Parsing relationship: /_rels/.rels
[DEBUG] 2024-01-07 16:06:52.853 [main] PackageRelationshipCollection - Parsing relationship: /xl/_rels/workbook.xml.rels
[DEBUG] 2024-01-07 16:06:52.855 [main] PackageRelationshipCollection - Parsing relationship: /xl/worksheets/_rels/sheet1.xml.rels
[DEBUG] 2024-01-07 16:06:52.856 [main] PackageRelationshipCollection - Parsing relationship: /_rels/.rels
[DEBUG] 2024-01-07 16:06:52.896 [main] PackageRelationshipCollection - Parsing relationship: /xl/_rels/workbook.xml.rels
[DEBUG] 2024-01-07 16:06:52.897 [main] PackageRelationshipCollection - Parsing relationship: /xl/worksheets/_rels/sheet1.xml.rels
[DEBUG] 2024-01-07 16:06:52.898 [main] PackageRelationshipCollection - Parsing relationship: /_rels/.rels
[DEBUG] 2024-01-07 16:06:52.935 [main] PackageRelationshipCollection - Parsing relationship: /xl/_rels/workbook.xml.rels
[DEBUG] 2024-01-07 16:06:52.936 [main] PackageRelationshipCollection - Parsing relationship: /xl/worksheets/_rels/sheet1.xml.rels
[DEBUG] 2024-01-07 16:06:52.937 [main] PackageRelationshipCollection - Parsing relationship: /_rels/.rels
[DEBUG] 2024-01-07 16:06:52.981 [main] PackageRelationshipCollection - Parsing relationship: /xl/_rels/workbook.xml.rels
[DEBUG] 2024-01-07 16:06:52.983 [main] PackageRelationshipCollection - Parsing relationship: /xl/worksheets/_rels/sheet1.xml.rels
[DEBUG] 2024-01-07 16:06:52.984 [main] PackageRelationshipCollection - Parsing relationship: /_rels/.rels
[DEBUG] 2024-01-07 16:06:53.017 [main] PackageRelationshipCollection - Parsing relationship: /xl/_rels/workbook.xml.rels
[DEBUG] 2024-01-07 16:06:53.019 [main] PackageRelationshipCollection - Parsing relationship: /xl/worksheets/_rels/sheet1.xml.rels
[DEBUG] 2024-01-07 16:06:53.020 [main] PackageRelationshipCollection - Parsing relationship: /_rels/.rels
[DEBUG] 2024-01-07 16:06:53.054 [main] PackageRelationshipCollection - Parsing relationship: /xl/_rels/workbook.xml.rels
[DEBUG] 2024-01-07 16:06:53.055 [main] PackageRelationshipCollection - Parsing relationship: /xl/worksheets/_rels/sheet1.xml.rels
[DEBUG] 2024-01-07 16:06:53.057 [main] PackageRelationshipCollection - Parsing relationship: /_rels/.rels
[DEBUG] 2024-01-07 16:06:53.083 [main] PackageRelationshipCollection - Parsing relationship: /xl/_rels/workbook.xml.rels
[DEBUG] 2024-01-07 16:06:53.084 [main] PackageRelationshipCollection - Parsing relationship: /xl/worksheets/_rels/sheet1.xml.rels
[DEBUG] 2024-01-07 16:06:53.085 [main] PackageRelationshipCollection - Parsing relationship: /_rels/.rels
[DEBUG] 2024-01-07 16:06:53.288 [main] PackageRelationshipCollection - Parsing relationship: /xl/_rels/workbook.xml.rels
[DEBUG] 2024-01-07 16:06:53.291 [main] PackageRelationshipCollection - Parsing relationship: /xl/worksheets/_rels/sheet1.xml.rels
[DEBUG] 2024-01-07 16:06:53.292 [main] PackageRelationshipCollection - Parsing relationship: /_rels/.rels
[DEBUG] 2024-01-07 16:06:53.317 [main] PackageRelationshipCollection - Parsing relationship: /xl/_rels/workbook.xml.rels
[DEBUG] 2024-01-07 16:06:53.318 [main] PackageRelationshipCollection - Parsing relationship: /xl/worksheets/_rels/sheet1.xml.rels
[DEBUG] 2024-01-07 16:06:53.318 [main] PackageRelationshipCollection - Parsing relationship: /_rels/.rels
[DEBUG] 2024-01-07 16:06:53.338 [main] PackageRelationshipCollection - Parsing relationship: /xl/_rels/workbook.xml.rels
[DEBUG] 2024-01-07 16:06:53.339 [main] PackageRelationshipCollection - Parsing relationship: /xl/worksheets/_rels/sheet1.xml.rels
[DEBUG] 2024-01-07 16:06:53.341 [main] PackageRelationshipCollection - Parsing relationship: /_rels/.rels
[DEBUG] 2024-01-07 16:06:53.362 [main] PackageRelationshipCollection - Parsing relationship: /xl/_rels/workbook.xml.rels
[DEBUG] 2024-01-07 16:06:53.363 [main] PackageRelationshipCollection - Parsing relationship: /xl/worksheets/_rels/sheet1.xml.rels
[DEBUG] 2024-01-07 16:06:53.364 [main] PackageRelationshipCollection - Parsing relationship: /_rels/.rels
[DEBUG] 2024-01-07 16:06:53.381 [main] PackageRelationshipCollection - Parsing relationship: /xl/_rels/workbook.xml.rels
[DEBUG] 2024-01-07 16:06:53.382 [main] PackageRelationshipCollection - Parsing relationship: /xl/worksheets/_rels/sheet1.xml.rels
[DEBUG] 2024-01-07 16:06:53.383 [main] PackageRelationshipCollection - Parsing relationship: /_rels/.rels
[DEBUG] 2024-01-07 16:06:53.405 [main] PackageRelationshipCollection - Parsing relationship: /xl/_rels/workbook.xml.rels
[DEBUG] 2024-01-07 16:06:53.407 [main] PackageRelationshipCollection - Parsing relationship: /xl/worksheets/_rels/sheet1.xml.rels
[DEBUG] 2024-01-07 16:06:53.408 [main] PackageRelationshipCollection - Parsing relationship: /_rels/.rels
[DEBUG] 2024-01-07 16:06:53.426 [main] PackageRelationshipCollection - Parsing relationship: /xl/_rels/workbook.xml.rels
[DEBUG] 2024-01-07 16:06:53.427 [main] PackageRelationshipCollection - Parsing relationship: /xl/worksheets/_rels/sheet1.xml.rels
[DEBUG] 2024-01-07 16:06:53.427 [main] PackageRelationshipCollection - Parsing relationship: /_rels/.rels
[DEBUG] 2024-01-07 16:06:53.450 [main] PackageRelationshipCollection - Parsing relationship: /xl/_rels/workbook.xml.rels
[DEBUG] 2024-01-07 16:06:53.451 [main] PackageRelationshipCollection - Parsing relationship: /xl/worksheets/_rels/sheet1.xml.rels
[DEBUG] 2024-01-07 16:06:53.452 [main] PackageRelationshipCollection - Parsing relationship: /_rels/.rels
[DEBUG] 2024-01-07 16:06:53.468 [main] PackageRelationshipCollection - Parsing relationship: /xl/_rels/workbook.xml.rels
[DEBUG] 2024-01-07 16:06:53.469 [main] PackageRelationshipCollection - Parsing relationship: /xl/worksheets/_rels/sheet1.xml.rels
[DEBUG] 2024-01-07 16:06:53.470 [main] PackageRelationshipCollection - Parsing relationship: /_rels/.rels
[DEBUG] 2024-01-07 16:06:53.497 [main] PackageRelationshipCollection - Parsing relationship: /xl/_rels/workbook.xml.rels
[DEBUG] 2024-01-07 16:06:53.498 [main] PackageRelationshipCollection - Parsing relationship: /xl/worksheets/_rels/sheet1.xml.rels
[DEBUG] 2024-01-07 16:06:53.499 [main] PackageRelationshipCollection - Parsing relationship: /_rels/.rels
[DEBUG] 2024-01-07 16:06:53.519 [main] PackageRelationshipCollection - Parsing relationship: /xl/_rels/workbook.xml.rels
[DEBUG] 2024-01-07 16:06:53.520 [main] PackageRelationshipCollection - Parsing relationship: /xl/worksheets/_rels/sheet1.xml.rels
[DEBUG] 2024-01-07 16:06:53.520 [main] PackageRelationshipCollection - Parsing relationship: /_rels/.rels
[DEBUG] 2024-01-07 16:06:53.551 [main] PackageRelationshipCollection - Parsing relationship: /xl/_rels/workbook.xml.rels
[DEBUG] 2024-01-07 16:06:53.552 [main] PackageRelationshipCollection - Parsing relationship: /xl/worksheets/_rels/sheet1.xml.rels
[DEBUG] 2024-01-07 16:06:53.553 [main] PackageRelationshipCollection - Parsing relationship: /_rels/.rels
[DEBUG] 2024-01-07 16:06:57.237 [main] PackageRelationshipCollection - Parsing relationship: /xl/_rels/workbook.xml.rels
[DEBUG] 2024-01-07 16:06:57.238 [main] PackageRelationshipCollection - Parsing relationship: /xl/worksheets/_rels/sheet1.xml.rels
[DEBUG] 2024-01-07 16:06:57.239 [main] PackageRelationshipCollection - Parsing relationship: /_rels/.rels
[DEBUG] 2024-01-07 16:06:57.254 [main] PackageRelationshipCollection - Parsing relationship: /xl/_rels/workbook.xml.rels
[DEBUG] 2024-01-07 16:06:57.255 [main] PackageRelationshipCollection - Parsing relationship: /xl/worksheets/_rels/sheet1.xml.rels
[DEBUG] 2024-01-07 16:06:57.256 [main] PackageRelationshipCollection - Parsing relationship: /_rels/.rels
[DEBUG] 2024-01-07 16:06:57.272 [main] PackageRelationshipCollection - Parsing relationship: /xl/_rels/workbook.xml.rels
[DEBUG] 2024-01-07 16:06:57.273 [main] PackageRelationshipCollection - Parsing relationship: /xl/worksheets/_rels/sheet1.xml.rels
[DEBUG] 2024-01-07 16:06:57.274 [main] PackageRelationshipCollection - Parsing relationship: /_rels/.rels
[DEBUG] 2024-01-07 16:06:57.387 [main] PackageRelationshipCollection - Parsing relationship: /xl/_rels/workbook.xml.rels
[DEBUG] 2024-01-07 16:06:57.388 [main] PackageRelationshipCollection - Parsing relationship: /xl/worksheets/_rels/sheet1.xml.rels
[DEBUG] 2024-01-07 16:06:57.390 [main] PackageRelationshipCollection - Parsing relationship: /_rels/.rels
[INFO ] 2024-01-07 16:10:51.564 [main] UserTests - Creating User with the payload: api.payload.User@6a950a3b
[DEBUG] 2024-01-07 16:10:57.063 [main] UserTests - User created successfully response: {"code":200,"type":"unknown","message":"1106681476"}
[INFO ] 2024-01-07 16:10:57.122 [main] UserTests - Getting User: jaye.deckow
[DEBUG] 2024-01-07 16:10:58.480 [main] UserTests - User retrieved successfully : {"id":1106681476,"username":"jaye.deckow","email":"dori.dietrich@example.com","password":"qj37rwgi","phone":"1-226-040-5392","userStatus":0}
[INFO ] 2024-01-07 16:10:58.483 [main] UserTests - Updating User: jaye.deckow
[DEBUG] 2024-01-07 16:11:01.235 [main] UserTests - Updated User successfully: {"code":200,"type":"unknown","message":"1106681476"}
[INFO ] 2024-01-07 16:11:01.238 [main] UserTests - Deleting User: jaye.deckow
[DEBUG] 2024-01-07 16:11:02.600 [main] UserTests - Deleted User successfully: {"code":200,"type":"unknown","message":"jaye.deckow"}
[INFO ] 2024-01-07 16:11:02.697 [main] UserTests2 - Creating User with the payload: api.payload.User@3a1540be
[DEBUG] 2024-01-07 16:11:04.018 [main] UserTests2 - User created successfully response: {"code":200,"type":"unknown","message":"331881413"}
[DEBUG] 2024-01-07 16:11:09.294 [main] PackageRelationshipCollection - Parsing relationship: /xl/_rels/workbook.xml.rels
[DEBUG] 2024-01-07 16:11:09.297 [main] PackageRelationshipCollection - Parsing relationship: /xl/worksheets/_rels/sheet1.xml.rels
[DEBUG] 2024-01-07 16:11:09.299 [main] PackageRelationshipCollection - Parsing relationship: /_rels/.rels
[DEBUG] 2024-01-07 16:11:10.349 [main] PackageRelationshipCollection - Parsing relationship: /xl/_rels/workbook.xml.rels
[DEBUG] 2024-01-07 16:11:10.351 [main] PackageRelationshipCollection - Parsing relationship: /xl/worksheets/_rels/sheet1.xml.rels
[DEBUG] 2024-01-07 16:11:10.352 [main] PackageRelationshipCollection - Parsing relationship: /_rels/.rels
[DEBUG] 2024-01-07 16:11:10.410 [main] PackageRelationshipCollection - Parsing relationship: /xl/_rels/workbook.xml.rels
[DEBUG] 2024-01-07 16:11:10.411 [main] PackageRelationshipCollection - Parsing relationship: /xl/worksheets/_rels/sheet1.xml.rels
[DEBUG] 2024-01-07 16:11:10.413 [main] PackageRelationshipCollection - Parsing relationship: /_rels/.rels
[DEBUG] 2024-01-07 16:11:10.558 [main] PackageRelationshipCollection - Parsing relationship: /xl/_rels/workbook.xml.rels
[DEBUG] 2024-01-07 16:11:10.561 [main] PackageRelationshipCollection - Parsing relationship: /xl/worksheets/_rels/sheet1.xml.rels
[DEBUG] 2024-01-07 16:11:10.563 [main] PackageRelationshipCollection - Parsing relationship: /_rels/.rels
[DEBUG] 2024-01-07 16:11:10.640 [main] PackageRelationshipCollection - Parsing relationship: /xl/_rels/workbook.xml.rels
[DEBUG] 2024-01-07 16:11:10.648 [main] PackageRelationshipCollection - Parsing relationship: /xl/worksheets/_rels/sheet1.xml.rels
[DEBUG] 2024-01-07 16:11:10.658 [main] PackageRelationshipCollection - Parsing relationship: /_rels/.rels
[DEBUG] 2024-01-07 16:11:10.755 [main] PackageRelationshipCollection - Parsing relationship: /xl/_rels/workbook.xml.rels
[DEBUG] 2024-01-07 16:11:10.758 [main] PackageRelationshipCollection - Parsing relationship: /xl/worksheets/_rels/sheet1.xml.rels
[DEBUG] 2024-01-07 16:11:10.759 [main] PackageRelationshipCollection - Parsing relationship: /_rels/.rels
[DEBUG] 2024-01-07 16:11:10.799 [main] PackageRelationshipCollection - Parsing relationship: /xl/_rels/workbook.xml.rels
[DEBUG] 2024-01-07 16:11:10.801 [main] PackageRelationshipCollection - Parsing relationship: /xl/worksheets/_rels/sheet1.xml.rels
[DEBUG] 2024-01-07 16:11:10.802 [main] PackageRelationshipCollection - Parsing relationship: /_rels/.rels
[DEBUG] 2024-01-07 16:11:10.834 [main] PackageRelationshipCollection - Parsing relationship: /xl/_rels/workbook.xml.rels
[DEBUG] 2024-01-07 16:11:10.836 [main] PackageRelationshipCollection - Parsing relationship: /xl/worksheets/_rels/sheet1.xml.rels
[DEBUG] 2024-01-07 16:11:10.837 [main] PackageRelationshipCollection - Parsing relationship: /_rels/.rels
[DEBUG] 2024-01-07 16:11:10.883 [main] PackageRelationshipCollection - Parsing relationship: /xl/_rels/workbook.xml.rels
[DEBUG] 2024-01-07 16:11:10.885 [main] PackageRelationshipCollection - Parsing relationship: /xl/worksheets/_rels/sheet1.xml.rels
[DEBUG] 2024-01-07 16:11:10.887 [main] PackageRelationshipCollection - Parsing relationship: /_rels/.rels
[DEBUG] 2024-01-07 16:11:10.928 [main] PackageRelationshipCollection - Parsing relationship: /xl/_rels/workbook.xml.rels
[DEBUG] 2024-01-07 16:11:10.929 [main] PackageRelationshipCollection - Parsing relationship: /xl/worksheets/_rels/sheet1.xml.rels
[DEBUG] 2024-01-07 16:11:10.930 [main] PackageRelationshipCollection - Parsing relationship: /_rels/.rels
[DEBUG] 2024-01-07 16:11:10.968 [main] PackageRelationshipCollection - Parsing relationship: /xl/_rels/workbook.xml.rels
[DEBUG] 2024-01-07 16:11:10.969 [main] PackageRelationshipCollection - Parsing relationship: /xl/worksheets/_rels/sheet1.xml.rels
[DEBUG] 2024-01-07 16:11:10.970 [main] PackageRelationshipCollection - Parsing relationship: /_rels/.rels
[DEBUG] 2024-01-07 16:11:11.000 [main] PackageRelationshipCollection - Parsing relationship: /xl/_rels/workbook.xml.rels
[DEBUG] 2024-01-07 16:11:11.002 [main] PackageRelationshipCollection - Parsing relationship: /xl/worksheets/_rels/sheet1.xml.rels
[DEBUG] 2024-01-07 16:11:11.003 [main] PackageRelationshipCollection - Parsing relationship: /_rels/.rels
[DEBUG] 2024-01-07 16:11:11.033 [main] PackageRelationshipCollection - Parsing relationship: /xl/_rels/workbook.xml.rels
[DEBUG] 2024-01-07 16:11:11.034 [main] PackageRelationshipCollection - Parsing relationship: /xl/worksheets/_rels/sheet1.xml.rels
[DEBUG] 2024-01-07 16:11:11.036 [main] PackageRelationshipCollection - Parsing relationship: /_rels/.rels
[DEBUG] 2024-01-07 16:11:11.068 [main] PackageRelationshipCollection - Parsing relationship: /xl/_rels/workbook.xml.rels
[DEBUG] 2024-01-07 16:11:11.069 [main] PackageRelationshipCollection - Parsing relationship: /xl/worksheets/_rels/sheet1.xml.rels
[DEBUG] 2024-01-07 16:11:11.079 [main] PackageRelationshipCollection - Parsing relationship: /_rels/.rels
[DEBUG] 2024-01-07 16:11:11.148 [main] PackageRelationshipCollection - Parsing relationship: /xl/_rels/workbook.xml.rels
[DEBUG] 2024-01-07 16:11:11.150 [main] PackageRelationshipCollection - Parsing relationship: /xl/worksheets/_rels/sheet1.xml.rels
[DEBUG] 2024-01-07 16:11:11.151 [main] PackageRelationshipCollection - Parsing relationship: /_rels/.rels
[DEBUG] 2024-01-07 16:11:11.191 [main] PackageRelationshipCollection - Parsing relationship: /xl/_rels/workbook.xml.rels
[DEBUG] 2024-01-07 16:11:11.193 [main] PackageRelationshipCollection - Parsing relationship: /xl/worksheets/_rels/sheet1.xml.rels
[DEBUG] 2024-01-07 16:11:11.194 [main] PackageRelationshipCollection - Parsing relationship: /_rels/.rels
[DEBUG] 2024-01-07 16:11:11.228 [main] PackageRelationshipCollection - Parsing relationship: /xl/_rels/workbook.xml.rels
[DEBUG] 2024-01-07 16:11:11.229 [main] PackageRelationshipCollection - Parsing relationship: /xl/worksheets/_rels/sheet1.xml.rels
[DEBUG] 2024-01-07 16:11:11.231 [main] PackageRelationshipCollection - Parsing relationship: /_rels/.rels
[DEBUG] 2024-01-07 16:11:11.267 [main] PackageRelationshipCollection - Parsing relationship: /xl/_rels/workbook.xml.rels
[DEBUG] 2024-01-07 16:11:11.268 [main] PackageRelationshipCollection - Parsing relationship: /xl/worksheets/_rels/sheet1.xml.rels
[DEBUG] 2024-01-07 16:11:11.269 [main] PackageRelationshipCollection - Parsing relationship: /_rels/.rels
[DEBUG] 2024-01-07 16:11:11.296 [main] PackageRelationshipCollection - Parsing relationship: /xl/_rels/workbook.xml.rels
[DEBUG] 2024-01-07 16:11:11.298 [main] PackageRelationshipCollection - Parsing relationship: /xl/worksheets/_rels/sheet1.xml.rels
[DEBUG] 2024-01-07 16:11:11.299 [main] PackageRelationshipCollection - Parsing relationship: /_rels/.rels
[DEBUG] 2024-01-07 16:11:11.346 [main] PackageRelationshipCollection - Parsing relationship: /xl/_rels/workbook.xml.rels
[DEBUG] 2024-01-07 16:11:11.347 [main] PackageRelationshipCollection - Parsing relationship: /xl/worksheets/_rels/sheet1.xml.rels
[DEBUG] 2024-01-07 16:11:11.348 [main] PackageRelationshipCollection - Parsing relationship: /_rels/.rels
[DEBUG] 2024-01-07 16:11:11.379 [main] PackageRelationshipCollection - Parsing relationship: /xl/_rels/workbook.xml.rels
[DEBUG] 2024-01-07 16:11:11.380 [main] PackageRelationshipCollection - Parsing relationship: /xl/worksheets/_rels/sheet1.xml.rels
[DEBUG] 2024-01-07 16:11:11.381 [main] PackageRelationshipCollection - Parsing relationship: /_rels/.rels
[DEBUG] 2024-01-07 16:11:11.411 [main] PackageRelationshipCollection - Parsing relationship: /xl/_rels/workbook.xml.rels
[DEBUG] 2024-01-07 16:11:11.412 [main] PackageRelationshipCollection - Parsing relationship: /xl/worksheets/_rels/sheet1.xml.rels
[DEBUG] 2024-01-07 16:11:11.413 [main] PackageRelationshipCollection - Parsing relationship: /_rels/.rels
[DEBUG] 2024-01-07 16:11:11.445 [main] PackageRelationshipCollection - Parsing relationship: /xl/_rels/workbook.xml.rels
[DEBUG] 2024-01-07 16:11:11.445 [main] PackageRelationshipCollection - Parsing relationship: /xl/worksheets/_rels/sheet1.xml.rels
[DEBUG] 2024-01-07 16:11:11.446 [main] PackageRelationshipCollection - Parsing relationship: /_rels/.rels
[DEBUG] 2024-01-07 16:11:15.126 [main] PackageRelationshipCollection - Parsing relationship: /xl/_rels/workbook.xml.rels
[DEBUG] 2024-01-07 16:11:15.127 [main] PackageRelationshipCollection - Parsing relationship: /xl/worksheets/_rels/sheet1.xml.rels
[DEBUG] 2024-01-07 16:11:15.127 [main] PackageRelationshipCollection - Parsing relationship: /_rels/.rels
[DEBUG] 2024-01-07 16:11:15.160 [main] PackageRelationshipCollection - Parsing relationship: /xl/_rels/workbook.xml.rels
[DEBUG] 2024-01-07 16:11:15.161 [main] PackageRelationshipCollection - Parsing relationship: /xl/worksheets/_rels/sheet1.xml.rels
[DEBUG] 2024-01-07 16:11:15.161 [main] PackageRelationshipCollection - Parsing relationship: /_rels/.rels
[DEBUG] 2024-01-07 16:11:15.190 [main] PackageRelationshipCollection - Parsing relationship: /xl/_rels/workbook.xml.rels
[DEBUG] 2024-01-07 16:11:15.191 [main] PackageRelationshipCollection - Parsing relationship: /xl/worksheets/_rels/sheet1.xml.rels
[DEBUG] 2024-01-07 16:11:15.192 [main] PackageRelationshipCollection - Parsing relationship: /_rels/.rels
[DEBUG] 2024-01-07 16:11:15.210 [main] PackageRelationshipCollection - Parsing relationship: /xl/_rels/workbook.xml.rels
[DEBUG] 2024-01-07 16:11:15.211 [main] PackageRelationshipCollection - Parsing relationship: /xl/worksheets/_rels/sheet1.xml.rels
[DEBUG] 2024-01-07 16:11:15.211 [main] PackageRelationshipCollection - Parsing relationship: /_rels/.rels
[DEBUG] 2024-01-07 16:13:00.913 [main] PackageRelationshipCollection - Parsing relationship: /xl/_rels/workbook.xml.rels
[DEBUG] 2024-01-07 16:13:01.000 [main] PackageRelationshipCollection - Parsing relationship: /xl/worksheets/_rels/sheet1.xml.rels
[DEBUG] 2024-01-07 16:13:01.003 [main] PackageRelationshipCollection - Parsing relationship: /_rels/.rels
[DEBUG] 2024-01-07 16:13:02.710 [main] PackageRelationshipCollection - Parsing relationship: /xl/_rels/workbook.xml.rels
[DEBUG] 2024-01-07 16:13:02.712 [main] PackageRelationshipCollection - Parsing relationship: /xl/worksheets/_rels/sheet1.xml.rels
[DEBUG] 2024-01-07 16:13:02.714 [main] PackageRelationshipCollection - Parsing relationship: /_rels/.rels
[DEBUG] 2024-01-07 16:13:02.759 [main] PackageRelationshipCollection - Parsing relationship: /xl/_rels/workbook.xml.rels
[DEBUG] 2024-01-07 16:13:02.760 [main] PackageRelationshipCollection - Parsing relationship: /xl/worksheets/_rels/sheet1.xml.rels
[DEBUG] 2024-01-07 16:13:02.762 [main] PackageRelationshipCollection - Parsing relationship: /_rels/.rels
[DEBUG] 2024-01-07 16:13:02.857 [main] PackageRelationshipCollection - Parsing relationship: /xl/_rels/workbook.xml.rels
[DEBUG] 2024-01-07 16:13:02.858 [main] PackageRelationshipCollection - Parsing relationship: /xl/worksheets/_rels/sheet1.xml.rels
[DEBUG] 2024-01-07 16:13:02.860 [main] PackageRelationshipCollection - Parsing relationship: /_rels/.rels
[DEBUG] 2024-01-07 16:13:02.924 [main] PackageRelationshipCollection - Parsing relationship: /xl/_rels/workbook.xml.rels
[DEBUG] 2024-01-07 16:13:02.925 [main] PackageRelationshipCollection - Parsing relationship: /xl/worksheets/_rels/sheet1.xml.rels
[DEBUG] 2024-01-07 16:13:02.927 [main] PackageRelationshipCollection - Parsing relationship: /_rels/.rels
[DEBUG] 2024-01-07 16:13:02.976 [main] PackageRelationshipCollection - Parsing relationship: /xl/_rels/workbook.xml.rels
[DEBUG] 2024-01-07 16:13:02.977 [main] PackageRelationshipCollection - Parsing relationship: /xl/worksheets/_rels/sheet1.xml.rels
[DEBUG] 2024-01-07 16:13:02.979 [main] PackageRelationshipCollection - Parsing relationship: /_rels/.rels
[DEBUG] 2024-01-07 16:13:03.029 [main] PackageRelationshipCollection - Parsing relationship: /xl/_rels/workbook.xml.rels
[DEBUG] 2024-01-07 16:13:03.030 [main] PackageRelationshipCollection - Parsing relationship: /xl/worksheets/_rels/sheet1.xml.rels
[DEBUG] 2024-01-07 16:13:03.032 [main] PackageRelationshipCollection - Parsing relationship: /_rels/.rels
[DEBUG] 2024-01-07 16:13:03.088 [main] PackageRelationshipCollection - Parsing relationship: /xl/_rels/workbook.xml.rels
[DEBUG] 2024-01-07 16:13:03.090 [main] PackageRelationshipCollection - Parsing relationship: /xl/worksheets/_rels/sheet1.xml.rels
[DEBUG] 2024-01-07 16:13:03.091 [main] PackageRelationshipCollection - Parsing relationship: /_rels/.rels
[DEBUG] 2024-01-07 16:13:03.133 [main] PackageRelationshipCollection - Parsing relationship: /xl/_rels/workbook.xml.rels
[DEBUG] 2024-01-07 16:13:03.137 [main] PackageRelationshipCollection - Parsing relationship: /xl/worksheets/_rels/sheet1.xml.rels
[DEBUG] 2024-01-07 16:13:03.139 [main] PackageRelationshipCollection - Parsing relationship: /_rels/.rels
[DEBUG] 2024-01-07 16:13:03.210 [main] PackageRelationshipCollection - Parsing relationship: /xl/_rels/workbook.xml.rels
[DEBUG] 2024-01-07 16:13:03.211 [main] PackageRelationshipCollection - Parsing relationship: /xl/worksheets/_rels/sheet1.xml.rels
[DEBUG] 2024-01-07 16:13:03.212 [main] PackageRelationshipCollection - Parsing relationship: /_rels/.rels
[DEBUG] 2024-01-07 16:13:03.249 [main] PackageRelationshipCollection - Parsing relationship: /xl/_rels/workbook.xml.rels
[DEBUG] 2024-01-07 16:13:03.250 [main] PackageRelationshipCollection - Parsing relationship: /xl/worksheets/_rels/sheet1.xml.rels
[DEBUG] 2024-01-07 16:13:03.252 [main] PackageRelationshipCollection - Parsing relationship: /_rels/.rels
[DEBUG] 2024-01-07 16:13:03.309 [main] PackageRelationshipCollection - Parsing relationship: /xl/_rels/workbook.xml.rels
[DEBUG] 2024-01-07 16:13:03.310 [main] PackageRelationshipCollection - Parsing relationship: /xl/worksheets/_rels/sheet1.xml.rels
[DEBUG] 2024-01-07 16:13:03.311 [main] PackageRelationshipCollection - Parsing relationship: /_rels/.rels
[DEBUG] 2024-01-07 16:13:03.485 [main] PackageRelationshipCollection - Parsing relationship: /xl/_rels/workbook.xml.rels
[DEBUG] 2024-01-07 16:13:03.486 [main] PackageRelationshipCollection - Parsing relationship: /xl/worksheets/_rels/sheet1.xml.rels
[DEBUG] 2024-01-07 16:13:03.488 [main] PackageRelationshipCollection - Parsing relationship: /_rels/.rels
[DEBUG] 2024-01-07 16:13:03.559 [main] PackageRelationshipCollection - Parsing relationship: /xl/_rels/workbook.xml.rels
[DEBUG] 2024-01-07 16:13:03.560 [main] PackageRelationshipCollection - Parsing relationship: /xl/worksheets/_rels/sheet1.xml.rels
[DEBUG] 2024-01-07 16:13:03.561 [main] PackageRelationshipCollection - Parsing relationship: /_rels/.rels
[DEBUG] 2024-01-07 16:13:03.656 [main] PackageRelationshipCollection - Parsing relationship: /xl/_rels/workbook.xml.rels
[DEBUG] 2024-01-07 16:13:03.657 [main] PackageRelationshipCollection - Parsing relationship: /xl/worksheets/_rels/sheet1.xml.rels
[DEBUG] 2024-01-07 16:13:03.658 [main] PackageRelationshipCollection - Parsing relationship: /_rels/.rels
[DEBUG] 2024-01-07 16:13:03.692 [main] PackageRelationshipCollection - Parsing relationship: /xl/_rels/workbook.xml.rels
[DEBUG] 2024-01-07 16:13:03.693 [main] PackageRelationshipCollection - Parsing relationship: /xl/worksheets/_rels/sheet1.xml.rels
[DEBUG] 2024-01-07 16:13:03.693 [main] PackageRelationshipCollection - Parsing relationship: /_rels/.rels
[DEBUG] 2024-01-07 16:13:03.761 [main] PackageRelationshipCollection - Parsing relationship: /xl/_rels/workbook.xml.rels
[DEBUG] 2024-01-07 16:13:03.765 [main] PackageRelationshipCollection - Parsing relationship: /xl/worksheets/_rels/sheet1.xml.rels
[DEBUG] 2024-01-07 16:13:03.767 [main] PackageRelationshipCollection - Parsing relationship: /_rels/.rels
[DEBUG] 2024-01-07 16:13:03.807 [main] PackageRelationshipCollection - Parsing relationship: /xl/_rels/workbook.xml.rels
[DEBUG] 2024-01-07 16:13:03.808 [main] PackageRelationshipCollection - Parsing relationship: /xl/worksheets/_rels/sheet1.xml.rels
[DEBUG] 2024-01-07 16:13:03.811 [main] PackageRelationshipCollection - Parsing relationship: /_rels/.rels
[DEBUG] 2024-01-07 16:13:03.849 [main] PackageRelationshipCollection - Parsing relationship: /xl/_rels/workbook.xml.rels
[DEBUG] 2024-01-07 16:13:03.851 [main] PackageRelationshipCollection - Parsing relationship: /xl/worksheets/_rels/sheet1.xml.rels
[DEBUG] 2024-01-07 16:13:03.853 [main] PackageRelationshipCollection - Parsing relationship: /_rels/.rels
[DEBUG] 2024-01-07 16:13:03.915 [main] PackageRelationshipCollection - Parsing relationship: /xl/_rels/workbook.xml.rels
[DEBUG] 2024-01-07 16:13:03.919 [main] PackageRelationshipCollection - Parsing relationship: /xl/worksheets/_rels/sheet1.xml.rels
[DEBUG] 2024-01-07 16:13:03.926 [main] PackageRelationshipCollection - Parsing relationship: /_rels/.rels
[DEBUG] 2024-01-07 16:13:03.992 [main] PackageRelationshipCollection - Parsing relationship: /xl/_rels/workbook.xml.rels
[DEBUG] 2024-01-07 16:13:03.993 [main] PackageRelationshipCollection - Parsing relationship: /xl/worksheets/_rels/sheet1.xml.rels
[DEBUG] 2024-01-07 16:13:03.994 [main] PackageRelationshipCollection - Parsing relationship: /_rels/.rels
[DEBUG] 2024-01-07 16:13:04.030 [main] PackageRelationshipCollection - Parsing relationship: /xl/_rels/workbook.xml.rels
[DEBUG] 2024-01-07 16:13:04.031 [main] PackageRelationshipCollection - Parsing relationship: /xl/worksheets/_rels/sheet1.xml.rels
[DEBUG] 2024-01-07 16:13:04.038 [main] PackageRelationshipCollection - Parsing relationship: /_rels/.rels
[DEBUG] 2024-01-07 16:13:04.065 [main] PackageRelationshipCollection - Parsing relationship: /xl/_rels/workbook.xml.rels
[DEBUG] 2024-01-07 16:13:04.066 [main] PackageRelationshipCollection - Parsing relationship: /xl/worksheets/_rels/sheet1.xml.rels
[DEBUG] 2024-01-07 16:13:04.066 [main] PackageRelationshipCollection - Parsing relationship: /_rels/.rels
[DEBUG] 2024-01-07 16:13:12.188 [main] PackageRelationshipCollection - Parsing relationship: /xl/_rels/workbook.xml.rels
[DEBUG] 2024-01-07 16:13:12.193 [main] PackageRelationshipCollection - Parsing relationship: /xl/worksheets/_rels/sheet1.xml.rels
[DEBUG] 2024-01-07 16:13:12.194 [main] PackageRelationshipCollection - Parsing relationship: /_rels/.rels
[DEBUG] 2024-01-07 16:13:12.224 [main] PackageRelationshipCollection - Parsing relationship: /xl/_rels/workbook.xml.rels
[DEBUG] 2024-01-07 16:13:12.225 [main] PackageRelationshipCollection - Parsing relationship: /xl/worksheets/_rels/sheet1.xml.rels
[DEBUG] 2024-01-07 16:13:12.227 [main] PackageRelationshipCollection - Parsing relationship: /_rels/.rels
[DEBUG] 2024-01-07 16:13:12.276 [main] PackageRelationshipCollection - Parsing relationship: /xl/_rels/workbook.xml.rels
[DEBUG] 2024-01-07 16:13:12.277 [main] PackageRelationshipCollection - Parsing relationship: /xl/worksheets/_rels/sheet1.xml.rels
[DEBUG] 2024-01-07 16:13:12.283 [main] PackageRelationshipCollection - Parsing relationship: /_rels/.rels
[DEBUG] 2024-01-07 16:13:12.353 [main] PackageRelationshipCollection - Parsing relationship: /xl/_rels/workbook.xml.rels
[DEBUG] 2024-01-07 16:13:12.356 [main] PackageRelationshipCollection - Parsing relationship: /xl/worksheets/_rels/sheet1.xml.rels
[DEBUG] 2024-01-07 16:13:12.357 [main] PackageRelationshipCollection - Parsing relationship: /_rels/.rels
[INFO ] 2024-01-07 16:13:16.224 [main] UserTests - Creating User with the payload: api.payload.User@b8b2184
[DEBUG] 2024-01-07 16:13:17.492 [main] UserTests - User created successfully response: {"code":200,"type":"unknown","message":"1727171103"}
[INFO ] 2024-01-07 16:13:17.493 [main] UserTests - Getting User: kaila.balistreri
[DEBUG] 2024-01-07 16:13:18.730 [main] UserTests - User retrieved successfully : {"id":1727171103,"username":"kaila.balistreri","email":"eliseo.bruen@example.com","password":"7bbode","phone":"162.083.0225","userStatus":0}
[INFO ] 2024-01-07 16:13:18.732 [main] UserTests - Updating User: kaila.balistreri
[DEBUG] 2024-01-07 16:13:21.226 [main] UserTests - Updated User successfully: {"code":200,"type":"unknown","message":"1727171103"}
[INFO ] 2024-01-07 16:13:21.228 [main] UserTests - Deleting User: kaila.balistreri
[DEBUG] 2024-01-07 16:13:22.448 [main] UserTests - Deleted User successfully: {"code":200,"type":"unknown","message":"kaila.balistreri"}
[INFO ] 2024-01-07 16:22:37.805 [main] UserTests - Creating User with the payload: api.payload.User@66f28a1f
[DEBUG] 2024-01-07 16:22:45.228 [main] UserTests - User created successfully response: {"code":200,"type":"unknown","message":"712609105"}
[INFO ] 2024-01-07 16:22:45.282 [main] UserTests - Getting User: neda.armstrong
[DEBUG] 2024-01-07 16:22:46.628 [main] UserTests - User retrieved successfully : {"id":712609105,"username":"neda.armstrong","email":"asuncion.hoeger@example.com","password":"nsefzt","phone":"(126) 784-8481","userStatus":0}
[INFO ] 2024-01-07 16:22:46.630 [main] UserTests - Updating User: neda.armstrong
[DEBUG] 2024-01-07 16:22:49.133 [main] UserTests - Updated User successfully: {"code":200,"type":"unknown","message":"712609105"}
[INFO ] 2024-01-07 16:22:49.134 [main] UserTests - Deleting User: neda.armstrong
[DEBUG] 2024-01-07 16:22:50.367 [main] UserTests - Deleted User successfully: {"code":200,"type":"unknown","message":"neda.armstrong"}
[INFO ] 2024-01-07 16:22:50.441 [main] UserTests2 - Creating User with the payload: api.payload.User@563392e5
[DEBUG] 2024-01-07 16:22:51.684 [main] UserTests2 - User created successfully response: {"code":200,"type":"unknown","message":"1814554368"}
[DEBUG] 2024-01-07 16:22:57.349 [main] PackageRelationshipCollection - Parsing relationship: /xl/_rels/workbook.xml.rels
[DEBUG] 2024-01-07 16:22:57.355 [main] PackageRelationshipCollection - Parsing relationship: /xl/worksheets/_rels/sheet1.xml.rels
[DEBUG] 2024-01-07 16:22:57.357 [main] PackageRelationshipCollection - Parsing relationship: /_rels/.rels
[DEBUG] 2024-01-07 16:22:59.060 [main] PackageRelationshipCollection - Parsing relationship: /xl/_rels/workbook.xml.rels
[DEBUG] 2024-01-07 16:22:59.062 [main] PackageRelationshipCollection - Parsing relationship: /xl/worksheets/_rels/sheet1.xml.rels
[DEBUG] 2024-01-07 16:22:59.063 [main] PackageRelationshipCollection - Parsing relationship: /_rels/.rels
[DEBUG] 2024-01-07 16:22:59.128 [main] PackageRelationshipCollection - Parsing relationship: /xl/_rels/workbook.xml.rels
[DEBUG] 2024-01-07 16:22:59.131 [main] PackageRelationshipCollection - Parsing relationship: /xl/worksheets/_rels/sheet1.xml.rels
[DEBUG] 2024-01-07 16:22:59.132 [main] PackageRelationshipCollection - Parsing relationship: /_rels/.rels
[DEBUG] 2024-01-07 16:22:59.247 [main] PackageRelationshipCollection - Parsing relationship: /xl/_rels/workbook.xml.rels
[DEBUG] 2024-01-07 16:22:59.249 [main] PackageRelationshipCollection - Parsing relationship: /xl/worksheets/_rels/sheet1.xml.rels
[DEBUG] 2024-01-07 16:22:59.251 [main] PackageRelationshipCollection - Parsing relationship: /_rels/.rels
[DEBUG] 2024-01-07 16:22:59.311 [main] PackageRelationshipCollection - Parsing relationship: /xl/_rels/workbook.xml.rels
[DEBUG] 2024-01-07 16:22:59.313 [main] PackageRelationshipCollection - Parsing relationship: /xl/worksheets/_rels/sheet1.xml.rels
[DEBUG] 2024-01-07 16:22:59.314 [main] PackageRelationshipCollection - Parsing relationship: /_rels/.rels
[DEBUG] 2024-01-07 16:22:59.412 [main] PackageRelationshipCollection - Parsing relationship: /xl/_rels/workbook.xml.rels
[DEBUG] 2024-01-07 16:22:59.413 [main] PackageRelationshipCollection - Parsing relationship: /xl/worksheets/_rels/sheet1.xml.rels
[DEBUG] 2024-01-07 16:22:59.414 [main] PackageRelationshipCollection - Parsing relationship: /_rels/.rels
[DEBUG] 2024-01-07 16:22:59.474 [main] PackageRelationshipCollection - Parsing relationship: /xl/_rels/workbook.xml.rels
[DEBUG] 2024-01-07 16:22:59.483 [main] PackageRelationshipCollection - Parsing relationship: /xl/worksheets/_rels/sheet1.xml.rels
[DEBUG] 2024-01-07 16:22:59.494 [main] PackageRelationshipCollection - Parsing relationship: /_rels/.rels
[DEBUG] 2024-01-07 16:22:59.572 [main] PackageRelationshipCollection - Parsing relationship: /xl/_rels/workbook.xml.rels
[DEBUG] 2024-01-07 16:22:59.576 [main] PackageRelationshipCollection - Parsing relationship: /xl/worksheets/_rels/sheet1.xml.rels
[DEBUG] 2024-01-07 16:22:59.580 [main] PackageRelationshipCollection - Parsing relationship: /_rels/.rels
[DEBUG] 2024-01-07 16:22:59.646 [main] PackageRelationshipCollection - Parsing relationship: /xl/_rels/workbook.xml.rels
[DEBUG] 2024-01-07 16:22:59.648 [main] PackageRelationshipCollection - Parsing relationship: /xl/worksheets/_rels/sheet1.xml.rels
[DEBUG] 2024-01-07 16:22:59.650 [main] PackageRelationshipCollection - Parsing relationship: /_rels/.rels
[DEBUG] 2024-01-07 16:22:59.698 [main] PackageRelationshipCollection - Parsing relationship: /xl/_rels/workbook.xml.rels
[DEBUG] 2024-01-07 16:22:59.699 [main] PackageRelationshipCollection - Parsing relationship: /xl/worksheets/_rels/sheet1.xml.rels
[DEBUG] 2024-01-07 16:22:59.707 [main] PackageRelationshipCollection - Parsing relationship: /_rels/.rels
[DEBUG] 2024-01-07 16:22:59.752 [main] PackageRelationshipCollection - Parsing relationship: /xl/_rels/workbook.xml.rels
[DEBUG] 2024-01-07 16:22:59.753 [main] PackageRelationshipCollection - Parsing relationship: /xl/worksheets/_rels/sheet1.xml.rels
[DEBUG] 2024-01-07 16:22:59.754 [main] PackageRelationshipCollection - Parsing relationship: /_rels/.rels
[DEBUG] 2024-01-07 16:22:59.825 [main] PackageRelationshipCollection - Parsing relationship: /xl/_rels/workbook.xml.rels
[DEBUG] 2024-01-07 16:22:59.827 [main] PackageRelationshipCollection - Parsing relationship: /xl/worksheets/_rels/sheet1.xml.rels
[DEBUG] 2024-01-07 16:22:59.828 [main] PackageRelationshipCollection - Parsing relationship: /_rels/.rels
[DEBUG] 2024-01-07 16:22:59.866 [main] PackageRelationshipCollection - Parsing relationship: /xl/_rels/workbook.xml.rels
[DEBUG] 2024-01-07 16:22:59.870 [main] PackageRelationshipCollection - Parsing relationship: /xl/worksheets/_rels/sheet1.xml.rels
[DEBUG] 2024-01-07 16:22:59.871 [main] PackageRelationshipCollection - Parsing relationship: /_rels/.rels
[DEBUG] 2024-01-07 16:22:59.931 [main] PackageRelationshipCollection - Parsing relationship: /xl/_rels/workbook.xml.rels
[DEBUG] 2024-01-07 16:22:59.932 [main] PackageRelationshipCollection - Parsing relationship: /xl/worksheets/_rels/sheet1.xml.rels
[DEBUG] 2024-01-07 16:22:59.933 [main] PackageRelationshipCollection - Parsing relationship: /_rels/.rels
[DEBUG] 2024-01-07 16:22:59.981 [main] PackageRelationshipCollection - Parsing relationship: /xl/_rels/workbook.xml.rels
[DEBUG] 2024-01-07 16:22:59.982 [main] PackageRelationshipCollection - Parsing relationship: /xl/worksheets/_rels/sheet1.xml.rels
[DEBUG] 2024-01-07 16:22:59.983 [main] PackageRelationshipCollection - Parsing relationship: /_rels/.rels
[DEBUG] 2024-01-07 16:23:00.026 [main] PackageRelationshipCollection - Parsing relationship: /xl/_rels/workbook.xml.rels
[DEBUG] 2024-01-07 16:23:00.029 [main] PackageRelationshipCollection - Parsing relationship: /xl/worksheets/_rels/sheet1.xml.rels
[DEBUG] 2024-01-07 16:23:00.030 [main] PackageRelationshipCollection - Parsing relationship: /_rels/.rels
[DEBUG] 2024-01-07 16:23:00.097 [main] PackageRelationshipCollection - Parsing relationship: /xl/_rels/workbook.xml.rels
[DEBUG] 2024-01-07 16:23:00.099 [main] PackageRelationshipCollection - Parsing relationship: /xl/worksheets/_rels/sheet1.xml.rels
[DEBUG] 2024-01-07 16:23:00.102 [main] PackageRelationshipCollection - Parsing relationship: /_rels/.rels
[DEBUG] 2024-01-07 16:23:00.134 [main] PackageRelationshipCollection - Parsing relationship: /xl/_rels/workbook.xml.rels
[DEBUG] 2024-01-07 16:23:00.138 [main] PackageRelationshipCollection - Parsing relationship: /xl/worksheets/_rels/sheet1.xml.rels
[DEBUG] 2024-01-07 16:23:00.140 [main] PackageRelationshipCollection - Parsing relationship: /_rels/.rels
[DEBUG] 2024-01-07 16:23:00.266 [main] PackageRelationshipCollection - Parsing relationship: /xl/_rels/workbook.xml.rels
[DEBUG] 2024-01-07 16:23:00.273 [main] PackageRelationshipCollection - Parsing relationship: /xl/worksheets/_rels/sheet1.xml.rels
[DEBUG] 2024-01-07 16:23:00.274 [main] PackageRelationshipCollection - Parsing relationship: /_rels/.rels
[DEBUG] 2024-01-07 16:23:00.466 [main] PackageRelationshipCollection - Parsing relationship: /xl/_rels/workbook.xml.rels
[DEBUG] 2024-01-07 16:23:00.469 [main] PackageRelationshipCollection - Parsing relationship: /xl/worksheets/_rels/sheet1.xml.rels
[DEBUG] 2024-01-07 16:23:00.470 [main] PackageRelationshipCollection - Parsing relationship: /_rels/.rels
[DEBUG] 2024-01-07 16:23:00.507 [main] PackageRelationshipCollection - Parsing relationship: /xl/_rels/workbook.xml.rels
[DEBUG] 2024-01-07 16:23:00.508 [main] PackageRelationshipCollection - Parsing relationship: /xl/worksheets/_rels/sheet1.xml.rels
[DEBUG] 2024-01-07 16:23:00.510 [main] PackageRelationshipCollection - Parsing relationship: /_rels/.rels
[DEBUG] 2024-01-07 16:23:00.545 [main] PackageRelationshipCollection - Parsing relationship: /xl/_rels/workbook.xml.rels
[DEBUG] 2024-01-07 16:23:00.546 [main] PackageRelationshipCollection - Parsing relationship: /xl/worksheets/_rels/sheet1.xml.rels
[DEBUG] 2024-01-07 16:23:00.547 [main] PackageRelationshipCollection - Parsing relationship: /_rels/.rels
[DEBUG] 2024-01-07 16:23:00.716 [main] PackageRelationshipCollection - Parsing relationship: /xl/_rels/workbook.xml.rels
[DEBUG] 2024-01-07 16:23:00.723 [main] PackageRelationshipCollection - Parsing relationship: /xl/worksheets/_rels/sheet1.xml.rels
[DEBUG] 2024-01-07 16:23:00.724 [main] PackageRelationshipCollection - Parsing relationship: /_rels/.rels
[DEBUG] 2024-01-07 16:23:04.514 [main] PackageRelationshipCollection - Parsing relationship: /xl/_rels/workbook.xml.rels
[DEBUG] 2024-01-07 16:23:04.514 [main] PackageRelationshipCollection - Parsing relationship: /xl/worksheets/_rels/sheet1.xml.rels
[DEBUG] 2024-01-07 16:23:04.515 [main] PackageRelationshipCollection - Parsing relationship: /_rels/.rels
[DEBUG] 2024-01-07 16:23:04.559 [main] PackageRelationshipCollection - Parsing relationship: /xl/_rels/workbook.xml.rels
[DEBUG] 2024-01-07 16:23:04.560 [main] PackageRelationshipCollection - Parsing relationship: /xl/worksheets/_rels/sheet1.xml.rels
[DEBUG] 2024-01-07 16:23:04.561 [main] PackageRelationshipCollection - Parsing relationship: /_rels/.rels
[DEBUG] 2024-01-07 16:23:04.599 [main] PackageRelationshipCollection - Parsing relationship: /xl/_rels/workbook.xml.rels
[DEBUG] 2024-01-07 16:23:04.600 [main] PackageRelationshipCollection - Parsing relationship: /xl/worksheets/_rels/sheet1.xml.rels
[DEBUG] 2024-01-07 16:23:04.602 [main] PackageRelationshipCollection - Parsing relationship: /_rels/.rels
[DEBUG] 2024-01-07 16:23:04.652 [main] PackageRelationshipCollection - Parsing relationship: /xl/_rels/workbook.xml.rels
[DEBUG] 2024-01-07 16:23:04.653 [main] PackageRelationshipCollection - Parsing relationship: /xl/worksheets/_rels/sheet1.xml.rels
[DEBUG] 2024-01-07 16:23:04.653 [main] PackageRelationshipCollection - Parsing relationship: /_rels/.rels
